{"C:\\Users\\kirth\\OneDrive\\Documents\\GitHub\\helping-hands-system\\src\\app\\api\\auth\\login\\route.ts": {"path":"C:\\Users\\kirth\\OneDrive\\Documents\\GitHub\\helping-hands-system\\src\\app\\api\\auth\\login\\route.ts","statementMap":{"0":{"start":{"line":5,"column":2},"end":{"line":41,"column":null}},"1":{"start":{"line":6,"column":17},"end":{"line":6,"column":null}},"2":{"start":{"line":7,"column":32},"end":{"line":7,"column":null}},"3":{"start":{"line":9,"column":4},"end":{"line":14,"column":null}},"4":{"start":{"line":10,"column":6},"end":{"line":13,"column":null}},"5":{"start":{"line":16,"column":17},"end":{"line":16,"column":null}},"6":{"start":{"line":18,"column":4},"end":{"line":23,"column":null}},"7":{"start":{"line":19,"column":6},"end":{"line":22,"column":null}},"8":{"start":{"line":25,"column":18},"end":{"line":25,"column":null}},"9":{"start":{"line":27,"column":4},"end":{"line":34,"column":null}},"10":{"start":{"line":36,"column":4},"end":{"line":36,"column":null}},"11":{"start":{"line":37,"column":4},"end":{"line":40,"column":null}}},"fnMap":{"0":{"name":"POST","decl":{"start":{"line":4,"column":22},"end":{"line":4,"column":27}},"loc":{"start":{"line":4,"column":49},"end":{"line":42,"column":null}},"line":4}},"branchMap":{"0":{"loc":{"start":{"line":9,"column":4},"end":{"line":14,"column":null}},"type":"if","locations":[{"start":{"line":9,"column":4},"end":{"line":14,"column":null}},{"start":{},"end":{}}],"line":9},"1":{"loc":{"start":{"line":9,"column":8},"end":{"line":9,"column":29}},"type":"binary-expr","locations":[{"start":{"line":9,"column":8},"end":{"line":9,"column":18}},{"start":{"line":9,"column":18},"end":{"line":9,"column":29}}],"line":9},"2":{"loc":{"start":{"line":18,"column":4},"end":{"line":23,"column":null}},"type":"if","locations":[{"start":{"line":18,"column":4},"end":{"line":23,"column":null}},{"start":{},"end":{}}],"line":18}},"s":{"0":4,"1":4,"2":4,"3":4,"4":1,"5":3,"6":2,"7":1,"8":1,"9":1,"10":1,"11":1},"f":{"0":4},"b":{"0":[1,3],"1":[4,3],"2":[1,1]},"meta":{"lastBranch":3,"lastFunction":1,"lastStatement":12,"seen":{"f:4:22:4:27":0,"s:5:2:41:Infinity":0,"s:6:17:6:Infinity":1,"s:7:32:7:Infinity":2,"b:9:4:14:Infinity:undefined:undefined:undefined:undefined":0,"s:9:4:14:Infinity":3,"b:9:8:9:18:9:18:9:29":1,"s:10:6:13:Infinity":4,"s:16:17:16:Infinity":5,"b:18:4:23:Infinity:undefined:undefined:undefined:undefined":2,"s:18:4:23:Infinity":6,"s:19:6:22:Infinity":7,"s:25:18:25:Infinity":8,"s:27:4:34:Infinity":9,"s:36:4:36:Infinity":10,"s:37:4:40:Infinity":11}}}
,"C:\\Users\\kirth\\OneDrive\\Documents\\GitHub\\helping-hands-system\\src\\app\\api\\bookings\\route.ts": {"path":"C:\\Users\\kirth\\OneDrive\\Documents\\GitHub\\helping-hands-system\\src\\app\\api\\bookings\\route.ts","statementMap":{"0":{"start":{"line":6,"column":23},"end":{"line":6,"column":null}},"1":{"start":{"line":9,"column":20},"end":{"line":9,"column":null}},"2":{"start":{"line":10,"column":2},"end":{"line":10,"column":null}},"3":{"start":{"line":10,"column":29},"end":{"line":10,"column":null}},"4":{"start":{"line":11,"column":21},"end":{"line":11,"column":null}},"5":{"start":{"line":12,"column":2},"end":{"line":12,"column":null}},"6":{"start":{"line":16,"column":20},"end":{"line":16,"column":null}},"7":{"start":{"line":17,"column":2},"end":{"line":17,"column":null}},"8":{"start":{"line":21,"column":35},"end":{"line":21,"column":null}},"9":{"start":{"line":22,"column":31},"end":{"line":22,"column":null}},"10":{"start":{"line":24,"column":2},"end":{"line":24,"column":null}},"11":{"start":{"line":24,"column":27},"end":{"line":24,"column":null}},"12":{"start":{"line":25,"column":2},"end":{"line":25,"column":null}},"13":{"start":{"line":25,"column":56},"end":{"line":25,"column":null}},"14":{"start":{"line":26,"column":2},"end":{"line":26,"column":null}},"15":{"start":{"line":30,"column":2},"end":{"line":136,"column":null}},"16":{"start":{"line":31,"column":29},"end":{"line":31,"column":null}},"17":{"start":{"line":32,"column":15},"end":{"line":32,"column":null}},"18":{"start":{"line":34,"column":4},"end":{"line":56,"column":null}},"19":{"start":{"line":35,"column":6},"end":{"line":40,"column":null}},"20":{"start":{"line":36,"column":8},"end":{"line":39,"column":null}},"21":{"start":{"line":42,"column":22},"end":{"line":46,"column":null}},"22":{"start":{"line":48,"column":6},"end":{"line":53,"column":null}},"23":{"start":{"line":49,"column":8},"end":{"line":52,"column":null}},"24":{"start":{"line":55,"column":6},"end":{"line":55,"column":null}},"25":{"start":{"line":58,"column":18},"end":{"line":58,"column":null}},"26":{"start":{"line":59,"column":19},"end":{"line":59,"column":null}},"27":{"start":{"line":60,"column":19},"end":{"line":60,"column":null}},"28":{"start":{"line":61,"column":19},"end":{"line":61,"column":null}},"29":{"start":{"line":62,"column":22},"end":{"line":62,"column":null}},"30":{"start":{"line":63,"column":19},"end":{"line":63,"column":null}},"31":{"start":{"line":64,"column":21},"end":{"line":64,"column":null}},"32":{"start":{"line":66,"column":23},"end":{"line":66,"column":null}},"33":{"start":{"line":68,"column":4},"end":{"line":76,"column":null}},"34":{"start":{"line":69,"column":6},"end":{"line":74,"column":null}},"35":{"start":{"line":70,"column":8},"end":{"line":73,"column":null}},"36":{"start":{"line":75,"column":6},"end":{"line":75,"column":null}},"37":{"start":{"line":78,"column":4},"end":{"line":86,"column":null}},"38":{"start":{"line":79,"column":6},"end":{"line":84,"column":null}},"39":{"start":{"line":80,"column":8},"end":{"line":83,"column":null}},"40":{"start":{"line":85,"column":6},"end":{"line":85,"column":null}},"41":{"start":{"line":88,"column":4},"end":{"line":96,"column":null}},"42":{"start":{"line":89,"column":6},"end":{"line":94,"column":null}},"43":{"start":{"line":90,"column":8},"end":{"line":93,"column":null}},"44":{"start":{"line":95,"column":6},"end":{"line":95,"column":null}},"45":{"start":{"line":98,"column":4},"end":{"line":109,"column":null}},"46":{"start":{"line":99,"column":6},"end":{"line":107,"column":null}},"47":{"start":{"line":100,"column":8},"end":{"line":106,"column":null}},"48":{"start":{"line":108,"column":6},"end":{"line":108,"column":null}},"49":{"start":{"line":111,"column":4},"end":{"line":119,"column":null}},"50":{"start":{"line":112,"column":6},"end":{"line":117,"column":null}},"51":{"start":{"line":113,"column":8},"end":{"line":116,"column":null}},"52":{"start":{"line":118,"column":6},"end":{"line":118,"column":null}},"53":{"start":{"line":121,"column":16},"end":{"line":121,"column":null}},"54":{"start":{"line":123,"column":4},"end":{"line":125,"column":null}},"55":{"start":{"line":124,"column":6},"end":{"line":124,"column":null}},"56":{"start":{"line":127,"column":20},"end":{"line":127,"column":null}},"57":{"start":{"line":129,"column":4},"end":{"line":129,"column":null}},"58":{"start":{"line":131,"column":4},"end":{"line":131,"column":null}},"59":{"start":{"line":132,"column":4},"end":{"line":135,"column":null}},"60":{"start":{"line":140,"column":2},"end":{"line":281,"column":null}},"61":{"start":{"line":141,"column":17},"end":{"line":141,"column":null}},"62":{"start":{"line":152,"column":8},"end":{"line":152,"column":null}},"63":{"start":{"line":154,"column":4},"end":{"line":159,"column":null}},"64":{"start":{"line":155,"column":6},"end":{"line":158,"column":null}},"65":{"start":{"line":161,"column":4},"end":{"line":166,"column":null}},"66":{"start":{"line":162,"column":6},"end":{"line":165,"column":null}},"67":{"start":{"line":168,"column":4},"end":{"line":173,"column":null}},"68":{"start":{"line":169,"column":6},"end":{"line":172,"column":null}},"69":{"start":{"line":175,"column":4},"end":{"line":180,"column":null}},"70":{"start":{"line":176,"column":6},"end":{"line":179,"column":null}},"71":{"start":{"line":182,"column":4},"end":{"line":187,"column":null}},"72":{"start":{"line":183,"column":6},"end":{"line":186,"column":null}},"73":{"start":{"line":189,"column":4},"end":{"line":194,"column":null}},"74":{"start":{"line":190,"column":6},"end":{"line":193,"column":null}},"75":{"start":{"line":196,"column":4},"end":{"line":201,"column":null}},"76":{"start":{"line":197,"column":6},"end":{"line":200,"column":null}},"77":{"start":{"line":203,"column":4},"end":{"line":208,"column":null}},"78":{"start":{"line":204,"column":6},"end":{"line":207,"column":null}},"79":{"start":{"line":210,"column":4},"end":{"line":215,"column":null}},"80":{"start":{"line":211,"column":6},"end":{"line":214,"column":null}},"81":{"start":{"line":217,"column":4},"end":{"line":222,"column":null}},"82":{"start":{"line":218,"column":6},"end":{"line":221,"column":null}},"83":{"start":{"line":224,"column":4},"end":{"line":229,"column":null}},"84":{"start":{"line":225,"column":6},"end":{"line":228,"column":null}},"85":{"start":{"line":231,"column":4},"end":{"line":236,"column":null}},"86":{"start":{"line":232,"column":6},"end":{"line":235,"column":null}},"87":{"start":{"line":238,"column":4},"end":{"line":243,"column":null}},"88":{"start":{"line":239,"column":6},"end":{"line":242,"column":null}},"89":{"start":{"line":245,"column":4},"end":{"line":253,"column":null}},"90":{"start":{"line":246,"column":6},"end":{"line":252,"column":null}},"91":{"start":{"line":255,"column":10},"end":{"line":255,"column":null}},"92":{"start":{"line":257,"column":23},"end":{"line":272,"column":null}},"93":{"start":{"line":274,"column":4},"end":{"line":274,"column":null}},"94":{"start":{"line":276,"column":4},"end":{"line":276,"column":null}},"95":{"start":{"line":277,"column":4},"end":{"line":280,"column":null}},"96":{"start":{"line":285,"column":2},"end":{"line":417,"column":null}},"97":{"start":{"line":286,"column":29},"end":{"line":286,"column":null}},"98":{"start":{"line":287,"column":15},"end":{"line":287,"column":null}},"99":{"start":{"line":289,"column":4},"end":{"line":294,"column":null}},"100":{"start":{"line":290,"column":6},"end":{"line":293,"column":null}},"101":{"start":{"line":296,"column":21},"end":{"line":300,"column":null}},"102":{"start":{"line":302,"column":4},"end":{"line":307,"column":null}},"103":{"start":{"line":303,"column":6},"end":{"line":306,"column":null}},"104":{"start":{"line":309,"column":17},"end":{"line":309,"column":null}},"105":{"start":{"line":320,"column":8},"end":{"line":320,"column":null}},"106":{"start":{"line":322,"column":4},"end":{"line":330,"column":null}},"107":{"start":{"line":323,"column":6},"end":{"line":329,"column":null}},"108":{"start":{"line":332,"column":25},"end":{"line":332,"column":null}},"109":{"start":{"line":334,"column":4},"end":{"line":345,"column":null}},"110":{"start":{"line":335,"column":6},"end":{"line":343,"column":null}},"111":{"start":{"line":336,"column":8},"end":{"line":342,"column":null}},"112":{"start":{"line":344,"column":6},"end":{"line":344,"column":null}},"113":{"start":{"line":347,"column":4},"end":{"line":349,"column":null}},"114":{"start":{"line":348,"column":6},"end":{"line":348,"column":null}},"115":{"start":{"line":351,"column":4},"end":{"line":359,"column":null}},"116":{"start":{"line":352,"column":6},"end":{"line":357,"column":null}},"117":{"start":{"line":353,"column":8},"end":{"line":356,"column":null}},"118":{"start":{"line":358,"column":6},"end":{"line":358,"column":null}},"119":{"start":{"line":361,"column":4},"end":{"line":369,"column":null}},"120":{"start":{"line":362,"column":6},"end":{"line":367,"column":null}},"121":{"start":{"line":363,"column":8},"end":{"line":366,"column":null}},"122":{"start":{"line":368,"column":6},"end":{"line":368,"column":null}},"123":{"start":{"line":371,"column":4},"end":{"line":379,"column":null}},"124":{"start":{"line":372,"column":6},"end":{"line":377,"column":null}},"125":{"start":{"line":373,"column":8},"end":{"line":376,"column":null}},"126":{"start":{"line":378,"column":6},"end":{"line":378,"column":null}},"127":{"start":{"line":381,"column":4},"end":{"line":389,"column":null}},"128":{"start":{"line":382,"column":6},"end":{"line":387,"column":null}},"129":{"start":{"line":383,"column":8},"end":{"line":386,"column":null}},"130":{"start":{"line":388,"column":6},"end":{"line":388,"column":null}},"131":{"start":{"line":391,"column":27},"end":{"line":391,"column":null}},"132":{"start":{"line":392,"column":25},"end":{"line":392,"column":null}},"133":{"start":{"line":394,"column":4},"end":{"line":400,"column":null}},"134":{"start":{"line":396,"column":6},"end":{"line":399,"column":null}},"135":{"start":{"line":402,"column":4},"end":{"line":402,"column":null}},"136":{"start":{"line":404,"column":20},"end":{"line":408,"column":null}},"137":{"start":{"line":410,"column":4},"end":{"line":410,"column":null}},"138":{"start":{"line":412,"column":4},"end":{"line":412,"column":null}},"139":{"start":{"line":413,"column":4},"end":{"line":416,"column":null}},"140":{"start":{"line":421,"column":2},"end":{"line":463,"column":null}},"141":{"start":{"line":422,"column":29},"end":{"line":422,"column":null}},"142":{"start":{"line":423,"column":15},"end":{"line":423,"column":null}},"143":{"start":{"line":425,"column":4},"end":{"line":430,"column":null}},"144":{"start":{"line":426,"column":6},"end":{"line":429,"column":null}},"145":{"start":{"line":432,"column":21},"end":{"line":436,"column":null}},"146":{"start":{"line":438,"column":4},"end":{"line":443,"column":null}},"147":{"start":{"line":439,"column":6},"end":{"line":442,"column":null}},"148":{"start":{"line":445,"column":20},"end":{"line":448,"column":null}},"149":{"start":{"line":450,"column":4},"end":{"line":456,"column":null}},"150":{"start":{"line":458,"column":4},"end":{"line":458,"column":null}},"151":{"start":{"line":459,"column":4},"end":{"line":462,"column":null}}},"fnMap":{"0":{"name":"validateDateFormat","decl":{"start":{"line":8,"column":9},"end":{"line":8,"column":28}},"loc":{"start":{"line":8,"column":51},"end":{"line":13,"column":null}},"line":8},"1":{"name":"validateTimeFormat","decl":{"start":{"line":15,"column":9},"end":{"line":15,"column":28}},"loc":{"start":{"line":15,"column":51},"end":{"line":18,"column":null}},"line":15},"2":{"name":"isTimeAfter","decl":{"start":{"line":20,"column":9},"end":{"line":20,"column":21}},"loc":{"start":{"line":20,"column":66},"end":{"line":27,"column":null}},"line":20},"3":{"name":"GET","decl":{"start":{"line":29,"column":22},"end":{"line":29,"column":26}},"loc":{"start":{"line":29,"column":48},"end":{"line":137,"column":null}},"line":29},"4":{"name":"POST","decl":{"start":{"line":139,"column":22},"end":{"line":139,"column":27}},"loc":{"start":{"line":139,"column":49},"end":{"line":282,"column":null}},"line":139},"5":{"name":"PUT","decl":{"start":{"line":284,"column":22},"end":{"line":284,"column":26}},"loc":{"start":{"line":284,"column":48},"end":{"line":418,"column":null}},"line":284},"6":{"name":"DELETE","decl":{"start":{"line":420,"column":22},"end":{"line":420,"column":29}},"loc":{"start":{"line":420,"column":51},"end":{"line":464,"column":null}},"line":420}},"branchMap":{"0":{"loc":{"start":{"line":10,"column":2},"end":{"line":10,"column":null}},"type":"if","locations":[{"start":{"line":10,"column":2},"end":{"line":10,"column":null}},{"start":{},"end":{}}],"line":10},"1":{"loc":{"start":{"line":12,"column":9},"end":{"line":12,"column":null}},"type":"binary-expr","locations":[{"start":{"line":12,"column":9},"end":{"line":12,"column":39}},{"start":{"line":12,"column":39},"end":{"line":12,"column":null}}],"line":12},"2":{"loc":{"start":{"line":24,"column":2},"end":{"line":24,"column":null}},"type":"if","locations":[{"start":{"line":24,"column":2},"end":{"line":24,"column":null}},{"start":{},"end":{}}],"line":24},"3":{"loc":{"start":{"line":25,"column":2},"end":{"line":25,"column":null}},"type":"if","locations":[{"start":{"line":25,"column":2},"end":{"line":25,"column":null}},{"start":{},"end":{}}],"line":25},"4":{"loc":{"start":{"line":25,"column":6},"end":{"line":25,"column":56}},"type":"binary-expr","locations":[{"start":{"line":25,"column":6},"end":{"line":25,"column":31}},{"start":{"line":25,"column":31},"end":{"line":25,"column":56}}],"line":25},"5":{"loc":{"start":{"line":34,"column":4},"end":{"line":56,"column":null}},"type":"if","locations":[{"start":{"line":34,"column":4},"end":{"line":56,"column":null}},{"start":{},"end":{}}],"line":34},"6":{"loc":{"start":{"line":35,"column":6},"end":{"line":40,"column":null}},"type":"if","locations":[{"start":{"line":35,"column":6},"end":{"line":40,"column":null}},{"start":{},"end":{}}],"line":35},"7":{"loc":{"start":{"line":35,"column":10},"end":{"line":35,"column":38}},"type":"binary-expr","locations":[{"start":{"line":35,"column":10},"end":{"line":35,"column":17}},{"start":{"line":35,"column":17},"end":{"line":35,"column":38}}],"line":35},"8":{"loc":{"start":{"line":48,"column":6},"end":{"line":53,"column":null}},"type":"if","locations":[{"start":{"line":48,"column":6},"end":{"line":53,"column":null}},{"start":{},"end":{}}],"line":48},"9":{"loc":{"start":{"line":58,"column":36},"end":{"line":58,"column":69}},"type":"binary-expr","locations":[{"start":{"line":58,"column":36},"end":{"line":58,"column":65}},{"start":{"line":58,"column":65},"end":{"line":58,"column":69}}],"line":58},"10":{"loc":{"start":{"line":59,"column":28},"end":{"line":59,"column":61}},"type":"binary-expr","locations":[{"start":{"line":59,"column":28},"end":{"line":59,"column":58}},{"start":{"line":59,"column":58},"end":{"line":59,"column":61}}],"line":59},"11":{"loc":{"start":{"line":68,"column":4},"end":{"line":76,"column":null}},"type":"if","locations":[{"start":{"line":68,"column":4},"end":{"line":76,"column":null}},{"start":{},"end":{}}],"line":68},"12":{"loc":{"start":{"line":69,"column":6},"end":{"line":74,"column":null}},"type":"if","locations":[{"start":{"line":69,"column":6},"end":{"line":74,"column":null}},{"start":{},"end":{}}],"line":69},"13":{"loc":{"start":{"line":78,"column":4},"end":{"line":86,"column":null}},"type":"if","locations":[{"start":{"line":78,"column":4},"end":{"line":86,"column":null}},{"start":{},"end":{}}],"line":78},"14":{"loc":{"start":{"line":79,"column":6},"end":{"line":84,"column":null}},"type":"if","locations":[{"start":{"line":79,"column":6},"end":{"line":84,"column":null}},{"start":{},"end":{}}],"line":79},"15":{"loc":{"start":{"line":88,"column":4},"end":{"line":96,"column":null}},"type":"if","locations":[{"start":{"line":88,"column":4},"end":{"line":96,"column":null}},{"start":{},"end":{}}],"line":88},"16":{"loc":{"start":{"line":89,"column":6},"end":{"line":94,"column":null}},"type":"if","locations":[{"start":{"line":89,"column":6},"end":{"line":94,"column":null}},{"start":{},"end":{}}],"line":89},"17":{"loc":{"start":{"line":98,"column":4},"end":{"line":109,"column":null}},"type":"if","locations":[{"start":{"line":98,"column":4},"end":{"line":109,"column":null}},{"start":{},"end":{}}],"line":98},"18":{"loc":{"start":{"line":99,"column":6},"end":{"line":107,"column":null}},"type":"if","locations":[{"start":{"line":99,"column":6},"end":{"line":107,"column":null}},{"start":{},"end":{}}],"line":99},"19":{"loc":{"start":{"line":111,"column":4},"end":{"line":119,"column":null}},"type":"if","locations":[{"start":{"line":111,"column":4},"end":{"line":119,"column":null}},{"start":{},"end":{}}],"line":111},"20":{"loc":{"start":{"line":112,"column":6},"end":{"line":117,"column":null}},"type":"if","locations":[{"start":{"line":112,"column":6},"end":{"line":117,"column":null}},{"start":{},"end":{}}],"line":112},"21":{"loc":{"start":{"line":123,"column":4},"end":{"line":125,"column":null}},"type":"if","locations":[{"start":{"line":123,"column":4},"end":{"line":125,"column":null}},{"start":{},"end":{}}],"line":123},"22":{"loc":{"start":{"line":149,"column":6},"end":{"line":149,"column":null}},"type":"default-arg","locations":[{"start":{"line":149,"column":15},"end":{"line":149,"column":null}}],"line":149},"23":{"loc":{"start":{"line":150,"column":6},"end":{"line":150,"column":null}},"type":"default-arg","locations":[{"start":{"line":150,"column":25},"end":{"line":150,"column":null}}],"line":150},"24":{"loc":{"start":{"line":151,"column":6},"end":{"line":151,"column":null}},"type":"default-arg","locations":[{"start":{"line":151,"column":19},"end":{"line":151,"column":null}}],"line":151},"25":{"loc":{"start":{"line":154,"column":4},"end":{"line":159,"column":null}},"type":"if","locations":[{"start":{"line":154,"column":4},"end":{"line":159,"column":null}},{"start":{},"end":{}}],"line":154},"26":{"loc":{"start":{"line":161,"column":4},"end":{"line":166,"column":null}},"type":"if","locations":[{"start":{"line":161,"column":4},"end":{"line":166,"column":null}},{"start":{},"end":{}}],"line":161},"27":{"loc":{"start":{"line":168,"column":4},"end":{"line":173,"column":null}},"type":"if","locations":[{"start":{"line":168,"column":4},"end":{"line":173,"column":null}},{"start":{},"end":{}}],"line":168},"28":{"loc":{"start":{"line":175,"column":4},"end":{"line":180,"column":null}},"type":"if","locations":[{"start":{"line":175,"column":4},"end":{"line":180,"column":null}},{"start":{},"end":{}}],"line":175},"29":{"loc":{"start":{"line":182,"column":4},"end":{"line":187,"column":null}},"type":"if","locations":[{"start":{"line":182,"column":4},"end":{"line":187,"column":null}},{"start":{},"end":{}}],"line":182},"30":{"loc":{"start":{"line":189,"column":4},"end":{"line":194,"column":null}},"type":"if","locations":[{"start":{"line":189,"column":4},"end":{"line":194,"column":null}},{"start":{},"end":{}}],"line":189},"31":{"loc":{"start":{"line":196,"column":4},"end":{"line":201,"column":null}},"type":"if","locations":[{"start":{"line":196,"column":4},"end":{"line":201,"column":null}},{"start":{},"end":{}}],"line":196},"32":{"loc":{"start":{"line":203,"column":4},"end":{"line":208,"column":null}},"type":"if","locations":[{"start":{"line":203,"column":4},"end":{"line":208,"column":null}},{"start":{},"end":{}}],"line":203},"33":{"loc":{"start":{"line":210,"column":4},"end":{"line":215,"column":null}},"type":"if","locations":[{"start":{"line":210,"column":4},"end":{"line":215,"column":null}},{"start":{},"end":{}}],"line":210},"34":{"loc":{"start":{"line":217,"column":4},"end":{"line":222,"column":null}},"type":"if","locations":[{"start":{"line":217,"column":4},"end":{"line":222,"column":null}},{"start":{},"end":{}}],"line":217},"35":{"loc":{"start":{"line":224,"column":4},"end":{"line":229,"column":null}},"type":"if","locations":[{"start":{"line":224,"column":4},"end":{"line":229,"column":null}},{"start":{},"end":{}}],"line":224},"36":{"loc":{"start":{"line":231,"column":4},"end":{"line":236,"column":null}},"type":"if","locations":[{"start":{"line":231,"column":4},"end":{"line":236,"column":null}},{"start":{},"end":{}}],"line":231},"37":{"loc":{"start":{"line":238,"column":4},"end":{"line":243,"column":null}},"type":"if","locations":[{"start":{"line":238,"column":4},"end":{"line":243,"column":null}},{"start":{},"end":{}}],"line":238},"38":{"loc":{"start":{"line":245,"column":4},"end":{"line":253,"column":null}},"type":"if","locations":[{"start":{"line":245,"column":4},"end":{"line":253,"column":null}},{"start":{},"end":{}}],"line":245},"39":{"loc":{"start":{"line":267,"column":26},"end":{"line":267,"column":null}},"type":"cond-expr","locations":[{"start":{"line":267,"column":45},"end":{"line":267,"column":49}},{"start":{"line":267,"column":49},"end":{"line":267,"column":null}}],"line":267},"40":{"loc":{"start":{"line":268,"column":20},"end":{"line":268,"column":null}},"type":"binary-expr","locations":[{"start":{"line":268,"column":20},"end":{"line":268,"column":44}},{"start":{"line":268,"column":44},"end":{"line":268,"column":null}}],"line":268},"41":{"loc":{"start":{"line":289,"column":4},"end":{"line":294,"column":null}},"type":"if","locations":[{"start":{"line":289,"column":4},"end":{"line":294,"column":null}},{"start":{},"end":{}}],"line":289},"42":{"loc":{"start":{"line":289,"column":8},"end":{"line":289,"column":36}},"type":"binary-expr","locations":[{"start":{"line":289,"column":8},"end":{"line":289,"column":15}},{"start":{"line":289,"column":15},"end":{"line":289,"column":36}}],"line":289},"43":{"loc":{"start":{"line":302,"column":4},"end":{"line":307,"column":null}},"type":"if","locations":[{"start":{"line":302,"column":4},"end":{"line":307,"column":null}},{"start":{},"end":{}}],"line":302},"44":{"loc":{"start":{"line":322,"column":4},"end":{"line":330,"column":null}},"type":"if","locations":[{"start":{"line":322,"column":4},"end":{"line":330,"column":null}},{"start":{},"end":{}}],"line":322},"45":{"loc":{"start":{"line":322,"column":8},"end":{"line":322,"column":81}},"type":"binary-expr","locations":[{"start":{"line":322,"column":8},"end":{"line":322,"column":32}},{"start":{"line":322,"column":32},"end":{"line":322,"column":56}},{"start":{"line":322,"column":56},"end":{"line":322,"column":81}}],"line":322},"46":{"loc":{"start":{"line":334,"column":4},"end":{"line":345,"column":null}},"type":"if","locations":[{"start":{"line":334,"column":4},"end":{"line":345,"column":null}},{"start":{},"end":{}}],"line":334},"47":{"loc":{"start":{"line":335,"column":6},"end":{"line":343,"column":null}},"type":"if","locations":[{"start":{"line":335,"column":6},"end":{"line":343,"column":null}},{"start":{},"end":{}}],"line":335},"48":{"loc":{"start":{"line":347,"column":4},"end":{"line":349,"column":null}},"type":"if","locations":[{"start":{"line":347,"column":4},"end":{"line":349,"column":null}},{"start":{},"end":{}}],"line":347},"49":{"loc":{"start":{"line":348,"column":33},"end":{"line":348,"column":null}},"type":"cond-expr","locations":[{"start":{"line":348,"column":52},"end":{"line":348,"column":56}},{"start":{"line":348,"column":56},"end":{"line":348,"column":null}}],"line":348},"50":{"loc":{"start":{"line":351,"column":4},"end":{"line":359,"column":null}},"type":"if","locations":[{"start":{"line":351,"column":4},"end":{"line":359,"column":null}},{"start":{},"end":{}}],"line":351},"51":{"loc":{"start":{"line":352,"column":6},"end":{"line":357,"column":null}},"type":"if","locations":[{"start":{"line":352,"column":6},"end":{"line":357,"column":null}},{"start":{},"end":{}}],"line":352},"52":{"loc":{"start":{"line":361,"column":4},"end":{"line":369,"column":null}},"type":"if","locations":[{"start":{"line":361,"column":4},"end":{"line":369,"column":null}},{"start":{},"end":{}}],"line":361},"53":{"loc":{"start":{"line":362,"column":6},"end":{"line":367,"column":null}},"type":"if","locations":[{"start":{"line":362,"column":6},"end":{"line":367,"column":null}},{"start":{},"end":{}}],"line":362},"54":{"loc":{"start":{"line":371,"column":4},"end":{"line":379,"column":null}},"type":"if","locations":[{"start":{"line":371,"column":4},"end":{"line":379,"column":null}},{"start":{},"end":{}}],"line":371},"55":{"loc":{"start":{"line":372,"column":6},"end":{"line":377,"column":null}},"type":"if","locations":[{"start":{"line":372,"column":6},"end":{"line":377,"column":null}},{"start":{},"end":{}}],"line":372},"56":{"loc":{"start":{"line":381,"column":4},"end":{"line":389,"column":null}},"type":"if","locations":[{"start":{"line":381,"column":4},"end":{"line":389,"column":null}},{"start":{},"end":{}}],"line":381},"57":{"loc":{"start":{"line":382,"column":6},"end":{"line":387,"column":null}},"type":"if","locations":[{"start":{"line":382,"column":6},"end":{"line":387,"column":null}},{"start":{},"end":{}}],"line":382},"58":{"loc":{"start":{"line":391,"column":27},"end":{"line":391,"column":null}},"type":"binary-expr","locations":[{"start":{"line":391,"column":27},"end":{"line":391,"column":52}},{"start":{"line":391,"column":52},"end":{"line":391,"column":null}}],"line":391},"59":{"loc":{"start":{"line":392,"column":25},"end":{"line":392,"column":null}},"type":"binary-expr","locations":[{"start":{"line":392,"column":25},"end":{"line":392,"column":48}},{"start":{"line":392,"column":48},"end":{"line":392,"column":null}}],"line":392},"60":{"loc":{"start":{"line":394,"column":4},"end":{"line":400,"column":null}},"type":"if","locations":[{"start":{"line":394,"column":4},"end":{"line":400,"column":null}},{"start":{},"end":{}}],"line":394},"61":{"loc":{"start":{"line":394,"column":4},"end":{"line":395,"column":52}},"type":"binary-expr","locations":[{"start":{"line":394,"column":9},"end":{"line":394,"column":40}},{"start":{"line":394,"column":40},"end":{"line":394,"column":null}},{"start":{"line":395,"column":8},"end":{"line":395,"column":52}}],"line":394},"62":{"loc":{"start":{"line":425,"column":4},"end":{"line":430,"column":null}},"type":"if","locations":[{"start":{"line":425,"column":4},"end":{"line":430,"column":null}},{"start":{},"end":{}}],"line":425},"63":{"loc":{"start":{"line":425,"column":8},"end":{"line":425,"column":36}},"type":"binary-expr","locations":[{"start":{"line":425,"column":8},"end":{"line":425,"column":15}},{"start":{"line":425,"column":15},"end":{"line":425,"column":36}}],"line":425},"64":{"loc":{"start":{"line":438,"column":4},"end":{"line":443,"column":null}},"type":"if","locations":[{"start":{"line":438,"column":4},"end":{"line":443,"column":null}},{"start":{},"end":{}}],"line":438}},"s":{"0":5,"1":4,"2":4,"3":0,"4":4,"5":4,"6":8,"7":8,"8":4,"9":4,"10":4,"11":3,"12":1,"13":0,"14":1,"15":7,"16":7,"17":7,"18":7,"19":4,"20":1,"21":3,"22":2,"23":1,"24":1,"25":3,"26":7,"27":7,"28":7,"29":7,"30":7,"31":7,"32":7,"33":7,"34":2,"35":0,"36":2,"37":3,"38":1,"39":0,"40":1,"41":3,"42":0,"43":0,"44":0,"45":3,"46":1,"47":0,"48":1,"49":3,"50":0,"51":0,"52":0,"53":3,"54":3,"55":3,"56":3,"57":3,"58":1,"59":1,"60":5,"61":5,"62":5,"63":5,"64":1,"65":4,"66":0,"67":4,"68":0,"69":4,"70":0,"71":4,"72":0,"73":4,"74":0,"75":4,"76":0,"77":4,"78":0,"79":4,"80":0,"81":4,"82":0,"83":4,"84":0,"85":4,"86":0,"87":4,"88":1,"89":3,"90":0,"91":3,"92":3,"93":2,"94":1,"95":1,"96":5,"97":5,"98":5,"99":5,"100":1,"101":4,"102":4,"103":1,"104":3,"105":3,"106":3,"107":0,"108":3,"109":3,"110":2,"111":0,"112":2,"113":3,"114":1,"115":3,"116":0,"117":0,"118":0,"119":3,"120":0,"121":0,"122":0,"123":3,"124":0,"125":0,"126":0,"127":3,"128":0,"129":0,"130":0,"131":3,"132":5,"133":5,"134":0,"135":3,"136":3,"137":2,"138":1,"139":1,"140":4,"141":4,"142":4,"143":4,"144":1,"145":3,"146":3,"147":1,"148":2,"149":1,"150":1,"151":1},"f":{"0":4,"1":8,"2":4,"3":7,"4":5,"5":5,"6":4},"b":{"0":[0,4],"1":[4,4],"2":[3,1],"3":[0,1],"4":[1,0],"5":[4,3],"6":[1,3],"7":[4,4],"8":[1,1],"9":[3,3],"10":[7,3],"11":[2,5],"12":[0,2],"13":[1,2],"14":[0,1],"15":[0,3],"16":[0,0],"17":[1,2],"18":[0,1],"19":[0,3],"20":[0,0],"21":[3,0],"22":[5],"23":[5],"24":[5],"25":[1,4],"26":[0,4],"27":[0,4],"28":[0,4],"29":[0,4],"30":[0,4],"31":[0,4],"32":[0,4],"33":[0,4],"34":[0,4],"35":[0,4],"36":[0,4],"37":[1,3],"38":[0,3],"39":[0,3],"40":[5,3],"41":[1,4],"42":[5,5],"43":[1,3],"44":[0,3],"45":[3,3,3],"46":[2,1],"47":[0,2],"48":[1,2],"49":[1,0],"50":[0,3],"51":[0,0],"52":[0,3],"53":[0,0],"54":[0,3],"55":[0,0],"56":[0,3],"57":[0,0],"58":[3,3],"59":[5,3],"60":[0,5],"61":[5,3,0],"62":[1,3],"63":[4,4],"64":[1,2]},"meta":{"lastBranch":65,"lastFunction":7,"lastStatement":152,"seen":{"s:6:23:6:Infinity":0,"f:8:9:8:28":0,"s:9:20:9:Infinity":1,"b:10:2:10:Infinity:undefined:undefined:undefined:undefined":0,"s:10:2:10:Infinity":2,"s:10:29:10:Infinity":3,"s:11:21:11:Infinity":4,"s:12:2:12:Infinity":5,"b:12:9:12:39:12:39:12:Infinity":1,"f:15:9:15:28":1,"s:16:20:16:Infinity":6,"s:17:2:17:Infinity":7,"f:20:9:20:21":2,"s:21:35:21:Infinity":8,"s:22:31:22:Infinity":9,"b:24:2:24:Infinity:undefined:undefined:undefined:undefined":2,"s:24:2:24:Infinity":10,"s:24:27:24:Infinity":11,"b:25:2:25:Infinity:undefined:undefined:undefined:undefined":3,"s:25:2:25:Infinity":12,"b:25:6:25:31:25:31:25:56":4,"s:25:56:25:Infinity":13,"s:26:2:26:Infinity":14,"f:29:22:29:26":3,"s:30:2:136:Infinity":15,"s:31:29:31:Infinity":16,"s:32:15:32:Infinity":17,"b:34:4:56:Infinity:undefined:undefined:undefined:undefined":5,"s:34:4:56:Infinity":18,"b:35:6:40:Infinity:undefined:undefined:undefined:undefined":6,"s:35:6:40:Infinity":19,"b:35:10:35:17:35:17:35:38":7,"s:36:8:39:Infinity":20,"s:42:22:46:Infinity":21,"b:48:6:53:Infinity:undefined:undefined:undefined:undefined":8,"s:48:6:53:Infinity":22,"s:49:8:52:Infinity":23,"s:55:6:55:Infinity":24,"s:58:18:58:Infinity":25,"b:58:36:58:65:58:65:58:69":9,"s:59:19:59:Infinity":26,"b:59:28:59:58:59:58:59:61":10,"s:60:19:60:Infinity":27,"s:61:19:61:Infinity":28,"s:62:22:62:Infinity":29,"s:63:19:63:Infinity":30,"s:64:21:64:Infinity":31,"s:66:23:66:Infinity":32,"b:68:4:76:Infinity:undefined:undefined:undefined:undefined":11,"s:68:4:76:Infinity":33,"b:69:6:74:Infinity:undefined:undefined:undefined:undefined":12,"s:69:6:74:Infinity":34,"s:70:8:73:Infinity":35,"s:75:6:75:Infinity":36,"b:78:4:86:Infinity:undefined:undefined:undefined:undefined":13,"s:78:4:86:Infinity":37,"b:79:6:84:Infinity:undefined:undefined:undefined:undefined":14,"s:79:6:84:Infinity":38,"s:80:8:83:Infinity":39,"s:85:6:85:Infinity":40,"b:88:4:96:Infinity:undefined:undefined:undefined:undefined":15,"s:88:4:96:Infinity":41,"b:89:6:94:Infinity:undefined:undefined:undefined:undefined":16,"s:89:6:94:Infinity":42,"s:90:8:93:Infinity":43,"s:95:6:95:Infinity":44,"b:98:4:109:Infinity:undefined:undefined:undefined:undefined":17,"s:98:4:109:Infinity":45,"b:99:6:107:Infinity:undefined:undefined:undefined:undefined":18,"s:99:6:107:Infinity":46,"s:100:8:106:Infinity":47,"s:108:6:108:Infinity":48,"b:111:4:119:Infinity:undefined:undefined:undefined:undefined":19,"s:111:4:119:Infinity":49,"b:112:6:117:Infinity:undefined:undefined:undefined:undefined":20,"s:112:6:117:Infinity":50,"s:113:8:116:Infinity":51,"s:118:6:118:Infinity":52,"s:121:16:121:Infinity":53,"b:123:4:125:Infinity:undefined:undefined:undefined:undefined":21,"s:123:4:125:Infinity":54,"s:124:6:124:Infinity":55,"s:127:20:127:Infinity":56,"s:129:4:129:Infinity":57,"s:131:4:131:Infinity":58,"s:132:4:135:Infinity":59,"f:139:22:139:27":4,"s:140:2:281:Infinity":60,"s:141:17:141:Infinity":61,"s:152:8:152:Infinity":62,"b:149:15:149:Infinity":22,"b:150:25:150:Infinity":23,"b:151:19:151:Infinity":24,"b:154:4:159:Infinity:undefined:undefined:undefined:undefined":25,"s:154:4:159:Infinity":63,"s:155:6:158:Infinity":64,"b:161:4:166:Infinity:undefined:undefined:undefined:undefined":26,"s:161:4:166:Infinity":65,"s:162:6:165:Infinity":66,"b:168:4:173:Infinity:undefined:undefined:undefined:undefined":27,"s:168:4:173:Infinity":67,"s:169:6:172:Infinity":68,"b:175:4:180:Infinity:undefined:undefined:undefined:undefined":28,"s:175:4:180:Infinity":69,"s:176:6:179:Infinity":70,"b:182:4:187:Infinity:undefined:undefined:undefined:undefined":29,"s:182:4:187:Infinity":71,"s:183:6:186:Infinity":72,"b:189:4:194:Infinity:undefined:undefined:undefined:undefined":30,"s:189:4:194:Infinity":73,"s:190:6:193:Infinity":74,"b:196:4:201:Infinity:undefined:undefined:undefined:undefined":31,"s:196:4:201:Infinity":75,"s:197:6:200:Infinity":76,"b:203:4:208:Infinity:undefined:undefined:undefined:undefined":32,"s:203:4:208:Infinity":77,"s:204:6:207:Infinity":78,"b:210:4:215:Infinity:undefined:undefined:undefined:undefined":33,"s:210:4:215:Infinity":79,"s:211:6:214:Infinity":80,"b:217:4:222:Infinity:undefined:undefined:undefined:undefined":34,"s:217:4:222:Infinity":81,"s:218:6:221:Infinity":82,"b:224:4:229:Infinity:undefined:undefined:undefined:undefined":35,"s:224:4:229:Infinity":83,"s:225:6:228:Infinity":84,"b:231:4:236:Infinity:undefined:undefined:undefined:undefined":36,"s:231:4:236:Infinity":85,"s:232:6:235:Infinity":86,"b:238:4:243:Infinity:undefined:undefined:undefined:undefined":37,"s:238:4:243:Infinity":87,"s:239:6:242:Infinity":88,"b:245:4:253:Infinity:undefined:undefined:undefined:undefined":38,"s:245:4:253:Infinity":89,"s:246:6:252:Infinity":90,"s:255:10:255:Infinity":91,"s:257:23:272:Infinity":92,"b:267:45:267:49:267:49:267:Infinity":39,"b:268:20:268:44:268:44:268:Infinity":40,"s:274:4:274:Infinity":93,"s:276:4:276:Infinity":94,"s:277:4:280:Infinity":95,"f:284:22:284:26":5,"s:285:2:417:Infinity":96,"s:286:29:286:Infinity":97,"s:287:15:287:Infinity":98,"b:289:4:294:Infinity:undefined:undefined:undefined:undefined":41,"s:289:4:294:Infinity":99,"b:289:8:289:15:289:15:289:36":42,"s:290:6:293:Infinity":100,"s:296:21:300:Infinity":101,"b:302:4:307:Infinity:undefined:undefined:undefined:undefined":43,"s:302:4:307:Infinity":102,"s:303:6:306:Infinity":103,"s:309:17:309:Infinity":104,"s:320:8:320:Infinity":105,"b:322:4:330:Infinity:undefined:undefined:undefined:undefined":44,"s:322:4:330:Infinity":106,"b:322:8:322:32:322:32:322:56:322:56:322:81":45,"s:323:6:329:Infinity":107,"s:332:25:332:Infinity":108,"b:334:4:345:Infinity:undefined:undefined:undefined:undefined":46,"s:334:4:345:Infinity":109,"b:335:6:343:Infinity:undefined:undefined:undefined:undefined":47,"s:335:6:343:Infinity":110,"s:336:8:342:Infinity":111,"s:344:6:344:Infinity":112,"b:347:4:349:Infinity:undefined:undefined:undefined:undefined":48,"s:347:4:349:Infinity":113,"s:348:6:348:Infinity":114,"b:348:52:348:56:348:56:348:Infinity":49,"b:351:4:359:Infinity:undefined:undefined:undefined:undefined":50,"s:351:4:359:Infinity":115,"b:352:6:357:Infinity:undefined:undefined:undefined:undefined":51,"s:352:6:357:Infinity":116,"s:353:8:356:Infinity":117,"s:358:6:358:Infinity":118,"b:361:4:369:Infinity:undefined:undefined:undefined:undefined":52,"s:361:4:369:Infinity":119,"b:362:6:367:Infinity:undefined:undefined:undefined:undefined":53,"s:362:6:367:Infinity":120,"s:363:8:366:Infinity":121,"s:368:6:368:Infinity":122,"b:371:4:379:Infinity:undefined:undefined:undefined:undefined":54,"s:371:4:379:Infinity":123,"b:372:6:377:Infinity:undefined:undefined:undefined:undefined":55,"s:372:6:377:Infinity":124,"s:373:8:376:Infinity":125,"s:378:6:378:Infinity":126,"b:381:4:389:Infinity:undefined:undefined:undefined:undefined":56,"s:381:4:389:Infinity":127,"b:382:6:387:Infinity:undefined:undefined:undefined:undefined":57,"s:382:6:387:Infinity":128,"s:383:8:386:Infinity":129,"s:388:6:388:Infinity":130,"s:391:27:391:Infinity":131,"b:391:27:391:52:391:52:391:Infinity":58,"s:392:25:392:Infinity":132,"b:392:25:392:48:392:48:392:Infinity":59,"b:394:4:400:Infinity:undefined:undefined:undefined:undefined":60,"s:394:4:400:Infinity":133,"b:394:9:394:40:394:40:394:Infinity:395:8:395:52":61,"s:396:6:399:Infinity":134,"s:402:4:402:Infinity":135,"s:404:20:408:Infinity":136,"s:410:4:410:Infinity":137,"s:412:4:412:Infinity":138,"s:413:4:416:Infinity":139,"f:420:22:420:29":6,"s:421:2:463:Infinity":140,"s:422:29:422:Infinity":141,"s:423:15:423:Infinity":142,"b:425:4:430:Infinity:undefined:undefined:undefined:undefined":62,"s:425:4:430:Infinity":143,"b:425:8:425:15:425:15:425:36":63,"s:426:6:429:Infinity":144,"s:432:21:436:Infinity":145,"b:438:4:443:Infinity:undefined:undefined:undefined:undefined":64,"s:438:4:443:Infinity":146,"s:439:6:442:Infinity":147,"s:445:20:448:Infinity":148,"s:450:4:456:Infinity":149,"s:458:4:458:Infinity":150,"s:459:4:462:Infinity":151}}}
,"C:\\Users\\kirth\\OneDrive\\Documents\\GitHub\\helping-hands-system\\src\\app\\api\\cancellations\\route.ts": {"path":"C:\\Users\\kirth\\OneDrive\\Documents\\GitHub\\helping-hands-system\\src\\app\\api\\cancellations\\route.ts","statementMap":{"0":{"start":{"line":7,"column":2},"end":{"line":96,"column":null}},"1":{"start":{"line":8,"column":29},"end":{"line":8,"column":null}},"2":{"start":{"line":9,"column":15},"end":{"line":9,"column":null}},"3":{"start":{"line":12,"column":4},"end":{"line":34,"column":null}},"4":{"start":{"line":13,"column":6},"end":{"line":18,"column":null}},"5":{"start":{"line":14,"column":8},"end":{"line":17,"column":null}},"6":{"start":{"line":20,"column":27},"end":{"line":24,"column":null}},"7":{"start":{"line":26,"column":6},"end":{"line":31,"column":null}},"8":{"start":{"line":27,"column":8},"end":{"line":30,"column":null}},"9":{"start":{"line":33,"column":6},"end":{"line":33,"column":null}},"10":{"start":{"line":37,"column":18},"end":{"line":37,"column":null}},"11":{"start":{"line":38,"column":19},"end":{"line":38,"column":null}},"12":{"start":{"line":39,"column":19},"end":{"line":39,"column":null}},"13":{"start":{"line":40,"column":22},"end":{"line":40,"column":null}},"14":{"start":{"line":41,"column":29},"end":{"line":41,"column":null}},"15":{"start":{"line":43,"column":16},"end":{"line":43,"column":null}},"16":{"start":{"line":46,"column":23},"end":{"line":46,"column":null}},"17":{"start":{"line":48,"column":4},"end":{"line":56,"column":null}},"18":{"start":{"line":49,"column":6},"end":{"line":54,"column":null}},"19":{"start":{"line":50,"column":8},"end":{"line":53,"column":null}},"20":{"start":{"line":55,"column":6},"end":{"line":55,"column":null}},"21":{"start":{"line":58,"column":4},"end":{"line":66,"column":null}},"22":{"start":{"line":59,"column":6},"end":{"line":64,"column":null}},"23":{"start":{"line":60,"column":8},"end":{"line":63,"column":null}},"24":{"start":{"line":65,"column":6},"end":{"line":65,"column":null}},"25":{"start":{"line":68,"column":4},"end":{"line":81,"column":null}},"26":{"start":{"line":70,"column":24},"end":{"line":70,"column":null}},"27":{"start":{"line":71,"column":6},"end":{"line":79,"column":null}},"28":{"start":{"line":72,"column":8},"end":{"line":78,"column":null}},"29":{"start":{"line":80,"column":6},"end":{"line":80,"column":null}},"30":{"start":{"line":83,"column":4},"end":{"line":85,"column":null}},"31":{"start":{"line":84,"column":6},"end":{"line":84,"column":null}},"32":{"start":{"line":87,"column":20},"end":{"line":87,"column":null}},"33":{"start":{"line":89,"column":4},"end":{"line":89,"column":null}},"34":{"start":{"line":91,"column":4},"end":{"line":91,"column":null}},"35":{"start":{"line":92,"column":4},"end":{"line":95,"column":null}},"36":{"start":{"line":100,"column":2},"end":{"line":193,"column":null}},"37":{"start":{"line":101,"column":17},"end":{"line":101,"column":null}},"38":{"start":{"line":102,"column":52},"end":{"line":102,"column":null}},"39":{"start":{"line":105,"column":4},"end":{"line":110,"column":null}},"40":{"start":{"line":106,"column":6},"end":{"line":109,"column":null}},"41":{"start":{"line":112,"column":4},"end":{"line":117,"column":null}},"42":{"start":{"line":113,"column":6},"end":{"line":116,"column":null}},"43":{"start":{"line":119,"column":4},"end":{"line":124,"column":null}},"44":{"start":{"line":120,"column":6},"end":{"line":123,"column":null}},"45":{"start":{"line":127,"column":4},"end":{"line":132,"column":null}},"46":{"start":{"line":128,"column":6},"end":{"line":131,"column":null}},"47":{"start":{"line":135,"column":4},"end":{"line":140,"column":null}},"48":{"start":{"line":136,"column":6},"end":{"line":139,"column":null}},"49":{"start":{"line":143,"column":22},"end":{"line":143,"column":null}},"50":{"start":{"line":144,"column":4},"end":{"line":152,"column":null}},"51":{"start":{"line":145,"column":6},"end":{"line":151,"column":null}},"52":{"start":{"line":155,"column":22},"end":{"line":155,"column":null}},"53":{"start":{"line":156,"column":17},"end":{"line":156,"column":null}},"54":{"start":{"line":157,"column":18},"end":{"line":157,"column":null}},"55":{"start":{"line":158,"column":16},"end":{"line":158,"column":null}},"56":{"start":{"line":159,"column":20},"end":{"line":159,"column":null}},"57":{"start":{"line":161,"column":4},"end":{"line":173,"column":null}},"58":{"start":{"line":166,"column":6},"end":{"line":172,"column":null}},"59":{"start":{"line":176,"column":28},"end":{"line":184,"column":null}},"60":{"start":{"line":186,"column":4},"end":{"line":186,"column":null}},"61":{"start":{"line":188,"column":4},"end":{"line":188,"column":null}},"62":{"start":{"line":189,"column":4},"end":{"line":192,"column":null}},"63":{"start":{"line":197,"column":2},"end":{"line":241,"column":null}},"64":{"start":{"line":198,"column":29},"end":{"line":198,"column":null}},"65":{"start":{"line":199,"column":15},"end":{"line":199,"column":null}},"66":{"start":{"line":201,"column":4},"end":{"line":206,"column":null}},"67":{"start":{"line":202,"column":6},"end":{"line":205,"column":null}},"68":{"start":{"line":209,"column":21},"end":{"line":213,"column":null}},"69":{"start":{"line":215,"column":4},"end":{"line":220,"column":null}},"70":{"start":{"line":216,"column":6},"end":{"line":219,"column":null}},"71":{"start":{"line":223,"column":20},"end":{"line":226,"column":null}},"72":{"start":{"line":228,"column":4},"end":{"line":234,"column":null}},"73":{"start":{"line":236,"column":4},"end":{"line":236,"column":null}},"74":{"start":{"line":237,"column":4},"end":{"line":240,"column":null}}},"fnMap":{"0":{"name":"GET","decl":{"start":{"line":6,"column":22},"end":{"line":6,"column":26}},"loc":{"start":{"line":6,"column":48},"end":{"line":97,"column":null}},"line":6},"1":{"name":"POST","decl":{"start":{"line":99,"column":22},"end":{"line":99,"column":27}},"loc":{"start":{"line":99,"column":49},"end":{"line":194,"column":null}},"line":99},"2":{"name":"DELETE","decl":{"start":{"line":196,"column":22},"end":{"line":196,"column":29}},"loc":{"start":{"line":196,"column":51},"end":{"line":242,"column":null}},"line":196}},"branchMap":{"0":{"loc":{"start":{"line":12,"column":4},"end":{"line":34,"column":null}},"type":"if","locations":[{"start":{"line":12,"column":4},"end":{"line":34,"column":null}},{"start":{},"end":{}}],"line":12},"1":{"loc":{"start":{"line":13,"column":6},"end":{"line":18,"column":null}},"type":"if","locations":[{"start":{"line":13,"column":6},"end":{"line":18,"column":null}},{"start":{},"end":{}}],"line":13},"2":{"loc":{"start":{"line":13,"column":10},"end":{"line":13,"column":38}},"type":"binary-expr","locations":[{"start":{"line":13,"column":10},"end":{"line":13,"column":17}},{"start":{"line":13,"column":17},"end":{"line":13,"column":38}}],"line":13},"3":{"loc":{"start":{"line":26,"column":6},"end":{"line":31,"column":null}},"type":"if","locations":[{"start":{"line":26,"column":6},"end":{"line":31,"column":null}},{"start":{},"end":{}}],"line":26},"4":{"loc":{"start":{"line":37,"column":36},"end":{"line":37,"column":69}},"type":"binary-expr","locations":[{"start":{"line":37,"column":36},"end":{"line":37,"column":65}},{"start":{"line":37,"column":65},"end":{"line":37,"column":69}}],"line":37},"5":{"loc":{"start":{"line":38,"column":28},"end":{"line":38,"column":61}},"type":"binary-expr","locations":[{"start":{"line":38,"column":28},"end":{"line":38,"column":58}},{"start":{"line":38,"column":58},"end":{"line":38,"column":61}}],"line":38},"6":{"loc":{"start":{"line":48,"column":4},"end":{"line":56,"column":null}},"type":"if","locations":[{"start":{"line":48,"column":4},"end":{"line":56,"column":null}},{"start":{},"end":{}}],"line":48},"7":{"loc":{"start":{"line":49,"column":6},"end":{"line":54,"column":null}},"type":"if","locations":[{"start":{"line":49,"column":6},"end":{"line":54,"column":null}},{"start":{},"end":{}}],"line":49},"8":{"loc":{"start":{"line":58,"column":4},"end":{"line":66,"column":null}},"type":"if","locations":[{"start":{"line":58,"column":4},"end":{"line":66,"column":null}},{"start":{},"end":{}}],"line":58},"9":{"loc":{"start":{"line":59,"column":6},"end":{"line":64,"column":null}},"type":"if","locations":[{"start":{"line":59,"column":6},"end":{"line":64,"column":null}},{"start":{},"end":{}}],"line":59},"10":{"loc":{"start":{"line":68,"column":4},"end":{"line":81,"column":null}},"type":"if","locations":[{"start":{"line":68,"column":4},"end":{"line":81,"column":null}},{"start":{},"end":{}}],"line":68},"11":{"loc":{"start":{"line":71,"column":6},"end":{"line":79,"column":null}},"type":"if","locations":[{"start":{"line":71,"column":6},"end":{"line":79,"column":null}},{"start":{},"end":{}}],"line":71},"12":{"loc":{"start":{"line":83,"column":4},"end":{"line":85,"column":null}},"type":"if","locations":[{"start":{"line":83,"column":4},"end":{"line":85,"column":null}},{"start":{},"end":{}}],"line":83},"13":{"loc":{"start":{"line":105,"column":4},"end":{"line":110,"column":null}},"type":"if","locations":[{"start":{"line":105,"column":4},"end":{"line":110,"column":null}},{"start":{},"end":{}}],"line":105},"14":{"loc":{"start":{"line":112,"column":4},"end":{"line":117,"column":null}},"type":"if","locations":[{"start":{"line":112,"column":4},"end":{"line":117,"column":null}},{"start":{},"end":{}}],"line":112},"15":{"loc":{"start":{"line":119,"column":4},"end":{"line":124,"column":null}},"type":"if","locations":[{"start":{"line":119,"column":4},"end":{"line":124,"column":null}},{"start":{},"end":{}}],"line":119},"16":{"loc":{"start":{"line":127,"column":4},"end":{"line":132,"column":null}},"type":"if","locations":[{"start":{"line":127,"column":4},"end":{"line":132,"column":null}},{"start":{},"end":{}}],"line":127},"17":{"loc":{"start":{"line":135,"column":4},"end":{"line":140,"column":null}},"type":"if","locations":[{"start":{"line":135,"column":4},"end":{"line":140,"column":null}},{"start":{},"end":{}}],"line":135},"18":{"loc":{"start":{"line":144,"column":4},"end":{"line":152,"column":null}},"type":"if","locations":[{"start":{"line":144,"column":4},"end":{"line":152,"column":null}},{"start":{},"end":{}}],"line":144},"19":{"loc":{"start":{"line":161,"column":4},"end":{"line":173,"column":null}},"type":"if","locations":[{"start":{"line":161,"column":4},"end":{"line":173,"column":null}},{"start":{},"end":{}}],"line":161},"20":{"loc":{"start":{"line":162,"column":6},"end":{"line":164,"column":null}},"type":"binary-expr","locations":[{"start":{"line":162,"column":6},"end":{"line":162,"column":null}},{"start":{"line":163,"column":6},"end":{"line":163,"column":null}},{"start":{"line":164,"column":6},"end":{"line":164,"column":null}}],"line":162},"21":{"loc":{"start":{"line":201,"column":4},"end":{"line":206,"column":null}},"type":"if","locations":[{"start":{"line":201,"column":4},"end":{"line":206,"column":null}},{"start":{},"end":{}}],"line":201},"22":{"loc":{"start":{"line":201,"column":8},"end":{"line":201,"column":36}},"type":"binary-expr","locations":[{"start":{"line":201,"column":8},"end":{"line":201,"column":15}},{"start":{"line":201,"column":15},"end":{"line":201,"column":36}}],"line":201},"23":{"loc":{"start":{"line":215,"column":4},"end":{"line":220,"column":null}},"type":"if","locations":[{"start":{"line":215,"column":4},"end":{"line":220,"column":null}},{"start":{},"end":{}}],"line":215}},"s":{"0":4,"1":4,"2":4,"3":4,"4":3,"5":1,"6":2,"7":2,"8":1,"9":1,"10":1,"11":4,"12":4,"13":4,"14":4,"15":4,"16":4,"17":4,"18":1,"19":0,"20":1,"21":1,"22":0,"23":0,"24":0,"25":1,"26":1,"27":1,"28":0,"29":1,"30":1,"31":1,"32":1,"33":1,"34":0,"35":0,"36":4,"37":4,"38":4,"39":4,"40":1,"41":3,"42":0,"43":3,"44":0,"45":3,"46":0,"47":3,"48":0,"49":3,"50":3,"51":1,"52":2,"53":2,"54":2,"55":2,"56":2,"57":2,"58":0,"59":2,"60":2,"61":0,"62":0,"63":3,"64":3,"65":3,"66":3,"67":1,"68":2,"69":2,"70":1,"71":1,"72":1,"73":0,"74":0},"f":{"0":4,"1":4,"2":3},"b":{"0":[3,1],"1":[1,2],"2":[3,3],"3":[1,1],"4":[1,1],"5":[4,1],"6":[1,3],"7":[0,1],"8":[0,1],"9":[0,0],"10":[1,0],"11":[0,1],"12":[1,0],"13":[1,3],"14":[0,3],"15":[0,3],"16":[0,3],"17":[0,3],"18":[1,2],"19":[0,2],"20":[2,2,2],"21":[1,2],"22":[3,3],"23":[1,1]},"meta":{"lastBranch":24,"lastFunction":3,"lastStatement":75,"seen":{"f:6:22:6:26":0,"s:7:2:96:Infinity":0,"s:8:29:8:Infinity":1,"s:9:15:9:Infinity":2,"b:12:4:34:Infinity:undefined:undefined:undefined:undefined":0,"s:12:4:34:Infinity":3,"b:13:6:18:Infinity:undefined:undefined:undefined:undefined":1,"s:13:6:18:Infinity":4,"b:13:10:13:17:13:17:13:38":2,"s:14:8:17:Infinity":5,"s:20:27:24:Infinity":6,"b:26:6:31:Infinity:undefined:undefined:undefined:undefined":3,"s:26:6:31:Infinity":7,"s:27:8:30:Infinity":8,"s:33:6:33:Infinity":9,"s:37:18:37:Infinity":10,"b:37:36:37:65:37:65:37:69":4,"s:38:19:38:Infinity":11,"b:38:28:38:58:38:58:38:61":5,"s:39:19:39:Infinity":12,"s:40:22:40:Infinity":13,"s:41:29:41:Infinity":14,"s:43:16:43:Infinity":15,"s:46:23:46:Infinity":16,"b:48:4:56:Infinity:undefined:undefined:undefined:undefined":6,"s:48:4:56:Infinity":17,"b:49:6:54:Infinity:undefined:undefined:undefined:undefined":7,"s:49:6:54:Infinity":18,"s:50:8:53:Infinity":19,"s:55:6:55:Infinity":20,"b:58:4:66:Infinity:undefined:undefined:undefined:undefined":8,"s:58:4:66:Infinity":21,"b:59:6:64:Infinity:undefined:undefined:undefined:undefined":9,"s:59:6:64:Infinity":22,"s:60:8:63:Infinity":23,"s:65:6:65:Infinity":24,"b:68:4:81:Infinity:undefined:undefined:undefined:undefined":10,"s:68:4:81:Infinity":25,"s:70:24:70:Infinity":26,"b:71:6:79:Infinity:undefined:undefined:undefined:undefined":11,"s:71:6:79:Infinity":27,"s:72:8:78:Infinity":28,"s:80:6:80:Infinity":29,"b:83:4:85:Infinity:undefined:undefined:undefined:undefined":12,"s:83:4:85:Infinity":30,"s:84:6:84:Infinity":31,"s:87:20:87:Infinity":32,"s:89:4:89:Infinity":33,"s:91:4:91:Infinity":34,"s:92:4:95:Infinity":35,"f:99:22:99:27":1,"s:100:2:193:Infinity":36,"s:101:17:101:Infinity":37,"s:102:52:102:Infinity":38,"b:105:4:110:Infinity:undefined:undefined:undefined:undefined":13,"s:105:4:110:Infinity":39,"s:106:6:109:Infinity":40,"b:112:4:117:Infinity:undefined:undefined:undefined:undefined":14,"s:112:4:117:Infinity":41,"s:113:6:116:Infinity":42,"b:119:4:124:Infinity:undefined:undefined:undefined:undefined":15,"s:119:4:124:Infinity":43,"s:120:6:123:Infinity":44,"b:127:4:132:Infinity:undefined:undefined:undefined:undefined":16,"s:127:4:132:Infinity":45,"s:128:6:131:Infinity":46,"b:135:4:140:Infinity:undefined:undefined:undefined:undefined":17,"s:135:4:140:Infinity":47,"s:136:6:139:Infinity":48,"s:143:22:143:Infinity":49,"b:144:4:152:Infinity:undefined:undefined:undefined:undefined":18,"s:144:4:152:Infinity":50,"s:145:6:151:Infinity":51,"s:155:22:155:Infinity":52,"s:156:17:156:Infinity":53,"s:157:18:157:Infinity":54,"s:158:16:158:Infinity":55,"s:159:20:159:Infinity":56,"b:161:4:173:Infinity:undefined:undefined:undefined:undefined":19,"s:161:4:173:Infinity":57,"b:162:6:162:Infinity:163:6:163:Infinity:164:6:164:Infinity":20,"s:166:6:172:Infinity":58,"s:176:28:184:Infinity":59,"s:186:4:186:Infinity":60,"s:188:4:188:Infinity":61,"s:189:4:192:Infinity":62,"f:196:22:196:29":2,"s:197:2:241:Infinity":63,"s:198:29:198:Infinity":64,"s:199:15:199:Infinity":65,"b:201:4:206:Infinity:undefined:undefined:undefined:undefined":21,"s:201:4:206:Infinity":66,"b:201:8:201:15:201:15:201:36":22,"s:202:6:205:Infinity":67,"s:209:21:213:Infinity":68,"b:215:4:220:Infinity:undefined:undefined:undefined:undefined":23,"s:215:4:220:Infinity":69,"s:216:6:219:Infinity":70,"s:223:20:226:Infinity":71,"s:228:4:234:Infinity":72,"s:236:4:236:Infinity":73,"s:237:4:240:Infinity":74}}}
,"C:\\Users\\kirth\\OneDrive\\Documents\\GitHub\\helping-hands-system\\src\\app\\api\\marts\\route.ts": {"path":"C:\\Users\\kirth\\OneDrive\\Documents\\GitHub\\helping-hands-system\\src\\app\\api\\marts\\route.ts","statementMap":{"0":{"start":{"line":6,"column":20},"end":{"line":6,"column":null}},"1":{"start":{"line":7,"column":20},"end":{"line":7,"column":null}},"2":{"start":{"line":10,"column":2},"end":{"line":10,"column":null}},"3":{"start":{"line":14,"column":2},"end":{"line":14,"column":null}},"4":{"start":{"line":18,"column":2},"end":{"line":18,"column":null}},"5":{"start":{"line":22,"column":2},"end":{"line":22,"column":null}},"6":{"start":{"line":26,"column":2},"end":{"line":120,"column":null}},"7":{"start":{"line":27,"column":29},"end":{"line":27,"column":null}},"8":{"start":{"line":28,"column":15},"end":{"line":28,"column":null}},"9":{"start":{"line":31,"column":4},"end":{"line":52,"column":null}},"10":{"start":{"line":32,"column":6},"end":{"line":37,"column":null}},"11":{"start":{"line":33,"column":8},"end":{"line":36,"column":null}},"12":{"start":{"line":39,"column":19},"end":{"line":42,"column":null}},"13":{"start":{"line":44,"column":6},"end":{"line":49,"column":null}},"14":{"start":{"line":45,"column":8},"end":{"line":48,"column":null}},"15":{"start":{"line":51,"column":6},"end":{"line":51,"column":null}},"16":{"start":{"line":55,"column":18},"end":{"line":55,"column":null}},"17":{"start":{"line":56,"column":19},"end":{"line":56,"column":null}},"18":{"start":{"line":57,"column":19},"end":{"line":57,"column":null}},"19":{"start":{"line":58,"column":17},"end":{"line":58,"column":null}},"20":{"start":{"line":59,"column":17},"end":{"line":59,"column":null}},"21":{"start":{"line":60,"column":25},"end":{"line":60,"column":null}},"22":{"start":{"line":62,"column":16},"end":{"line":62,"column":null}},"23":{"start":{"line":63,"column":23},"end":{"line":63,"column":null}},"24":{"start":{"line":66,"column":4},"end":{"line":73,"column":null}},"25":{"start":{"line":67,"column":6},"end":{"line":72,"column":null}},"26":{"start":{"line":76,"column":4},"end":{"line":84,"column":null}},"27":{"start":{"line":77,"column":6},"end":{"line":82,"column":null}},"28":{"start":{"line":78,"column":8},"end":{"line":81,"column":null}},"29":{"start":{"line":83,"column":6},"end":{"line":83,"column":null}},"30":{"start":{"line":87,"column":4},"end":{"line":95,"column":null}},"31":{"start":{"line":88,"column":6},"end":{"line":93,"column":null}},"32":{"start":{"line":89,"column":8},"end":{"line":92,"column":null}},"33":{"start":{"line":94,"column":6},"end":{"line":94,"column":null}},"34":{"start":{"line":98,"column":4},"end":{"line":106,"column":null}},"35":{"start":{"line":99,"column":6},"end":{"line":104,"column":null}},"36":{"start":{"line":100,"column":8},"end":{"line":103,"column":null}},"37":{"start":{"line":105,"column":6},"end":{"line":105,"column":null}},"38":{"start":{"line":108,"column":4},"end":{"line":110,"column":null}},"39":{"start":{"line":109,"column":6},"end":{"line":109,"column":null}},"40":{"start":{"line":112,"column":20},"end":{"line":112,"column":null}},"41":{"start":{"line":114,"column":4},"end":{"line":114,"column":null}},"42":{"start":{"line":116,"column":4},"end":{"line":116,"column":null}},"43":{"start":{"line":117,"column":4},"end":{"line":119,"column":null}},"44":{"start":{"line":124,"column":2},"end":{"line":240,"column":null}},"45":{"start":{"line":125,"column":17},"end":{"line":125,"column":null}},"46":{"start":{"line":126,"column":90},"end":{"line":126,"column":null}},"47":{"start":{"line":129,"column":4},"end":{"line":134,"column":null}},"48":{"start":{"line":130,"column":6},"end":{"line":133,"column":null}},"49":{"start":{"line":136,"column":4},"end":{"line":141,"column":null}},"50":{"start":{"line":137,"column":6},"end":{"line":140,"column":null}},"51":{"start":{"line":143,"column":4},"end":{"line":148,"column":null}},"52":{"start":{"line":144,"column":6},"end":{"line":147,"column":null}},"53":{"start":{"line":150,"column":4},"end":{"line":155,"column":null}},"54":{"start":{"line":151,"column":6},"end":{"line":154,"column":null}},"55":{"start":{"line":157,"column":4},"end":{"line":162,"column":null}},"56":{"start":{"line":158,"column":6},"end":{"line":161,"column":null}},"57":{"start":{"line":164,"column":4},"end":{"line":169,"column":null}},"58":{"start":{"line":165,"column":6},"end":{"line":168,"column":null}},"59":{"start":{"line":171,"column":4},"end":{"line":176,"column":null}},"60":{"start":{"line":172,"column":6},"end":{"line":175,"column":null}},"61":{"start":{"line":178,"column":4},"end":{"line":183,"column":null}},"62":{"start":{"line":179,"column":6},"end":{"line":182,"column":null}},"63":{"start":{"line":185,"column":4},"end":{"line":190,"column":null}},"64":{"start":{"line":186,"column":6},"end":{"line":189,"column":null}},"65":{"start":{"line":192,"column":4},"end":{"line":197,"column":null}},"66":{"start":{"line":193,"column":6},"end":{"line":196,"column":null}},"67":{"start":{"line":200,"column":4},"end":{"line":207,"column":null}},"68":{"start":{"line":201,"column":6},"end":{"line":206,"column":null}},"69":{"start":{"line":202,"column":8},"end":{"line":205,"column":null}},"70":{"start":{"line":209,"column":10},"end":{"line":209,"column":null}},"71":{"start":{"line":211,"column":28},"end":{"line":220,"column":null}},"72":{"start":{"line":222,"column":4},"end":{"line":224,"column":null}},"73":{"start":{"line":223,"column":6},"end":{"line":223,"column":null}},"74":{"start":{"line":226,"column":4},"end":{"line":228,"column":null}},"75":{"start":{"line":227,"column":6},"end":{"line":227,"column":null}},"76":{"start":{"line":230,"column":20},"end":{"line":232,"column":null}},"77":{"start":{"line":234,"column":4},"end":{"line":234,"column":null}},"78":{"start":{"line":236,"column":4},"end":{"line":236,"column":null}},"79":{"start":{"line":237,"column":4},"end":{"line":239,"column":null}},"80":{"start":{"line":244,"column":2},"end":{"line":380,"column":null}},"81":{"start":{"line":245,"column":29},"end":{"line":245,"column":null}},"82":{"start":{"line":246,"column":15},"end":{"line":246,"column":null}},"83":{"start":{"line":248,"column":4},"end":{"line":253,"column":null}},"84":{"start":{"line":249,"column":6},"end":{"line":252,"column":null}},"85":{"start":{"line":256,"column":21},"end":{"line":259,"column":null}},"86":{"start":{"line":261,"column":4},"end":{"line":266,"column":null}},"87":{"start":{"line":262,"column":6},"end":{"line":265,"column":null}},"88":{"start":{"line":268,"column":17},"end":{"line":268,"column":null}},"89":{"start":{"line":269,"column":90},"end":{"line":269,"column":null}},"90":{"start":{"line":271,"column":25},"end":{"line":273,"column":null}},"91":{"start":{"line":276,"column":4},"end":{"line":284,"column":null}},"92":{"start":{"line":277,"column":6},"end":{"line":282,"column":null}},"93":{"start":{"line":278,"column":8},"end":{"line":281,"column":null}},"94":{"start":{"line":283,"column":6},"end":{"line":283,"column":null}},"95":{"start":{"line":287,"column":4},"end":{"line":295,"column":null}},"96":{"start":{"line":288,"column":6},"end":{"line":293,"column":null}},"97":{"start":{"line":289,"column":8},"end":{"line":292,"column":null}},"98":{"start":{"line":294,"column":6},"end":{"line":294,"column":null}},"99":{"start":{"line":298,"column":4},"end":{"line":306,"column":null}},"100":{"start":{"line":299,"column":6},"end":{"line":304,"column":null}},"101":{"start":{"line":300,"column":8},"end":{"line":303,"column":null}},"102":{"start":{"line":305,"column":6},"end":{"line":305,"column":null}},"103":{"start":{"line":309,"column":4},"end":{"line":317,"column":null}},"104":{"start":{"line":310,"column":6},"end":{"line":315,"column":null}},"105":{"start":{"line":311,"column":8},"end":{"line":314,"column":null}},"106":{"start":{"line":316,"column":6},"end":{"line":316,"column":null}},"107":{"start":{"line":320,"column":4},"end":{"line":334,"column":null}},"108":{"start":{"line":321,"column":6},"end":{"line":326,"column":null}},"109":{"start":{"line":322,"column":8},"end":{"line":325,"column":null}},"110":{"start":{"line":327,"column":6},"end":{"line":332,"column":null}},"111":{"start":{"line":328,"column":8},"end":{"line":331,"column":null}},"112":{"start":{"line":333,"column":6},"end":{"line":333,"column":null}},"113":{"start":{"line":337,"column":4},"end":{"line":351,"column":null}},"114":{"start":{"line":338,"column":6},"end":{"line":343,"column":null}},"115":{"start":{"line":339,"column":8},"end":{"line":342,"column":null}},"116":{"start":{"line":344,"column":6},"end":{"line":349,"column":null}},"117":{"start":{"line":345,"column":8},"end":{"line":348,"column":null}},"118":{"start":{"line":350,"column":6},"end":{"line":350,"column":null}},"119":{"start":{"line":354,"column":4},"end":{"line":356,"column":null}},"120":{"start":{"line":355,"column":6},"end":{"line":355,"column":null}},"121":{"start":{"line":359,"column":4},"end":{"line":367,"column":null}},"122":{"start":{"line":360,"column":6},"end":{"line":365,"column":null}},"123":{"start":{"line":361,"column":8},"end":{"line":364,"column":null}},"124":{"start":{"line":366,"column":6},"end":{"line":366,"column":null}},"125":{"start":{"line":369,"column":20},"end":{"line":372,"column":null}},"126":{"start":{"line":374,"column":4},"end":{"line":374,"column":null}},"127":{"start":{"line":376,"column":4},"end":{"line":376,"column":null}},"128":{"start":{"line":377,"column":4},"end":{"line":379,"column":null}},"129":{"start":{"line":384,"column":2},"end":{"line":421,"column":null}},"130":{"start":{"line":385,"column":29},"end":{"line":385,"column":null}},"131":{"start":{"line":386,"column":15},"end":{"line":386,"column":null}},"132":{"start":{"line":388,"column":4},"end":{"line":393,"column":null}},"133":{"start":{"line":389,"column":6},"end":{"line":392,"column":null}},"134":{"start":{"line":396,"column":21},"end":{"line":399,"column":null}},"135":{"start":{"line":401,"column":4},"end":{"line":406,"column":null}},"136":{"start":{"line":402,"column":6},"end":{"line":405,"column":null}},"137":{"start":{"line":408,"column":20},"end":{"line":410,"column":null}},"138":{"start":{"line":412,"column":4},"end":{"line":415,"column":null}},"139":{"start":{"line":417,"column":4},"end":{"line":417,"column":null}},"140":{"start":{"line":418,"column":4},"end":{"line":420,"column":null}}},"fnMap":{"0":{"name":"validateType","decl":{"start":{"line":9,"column":9},"end":{"line":9,"column":22}},"loc":{"start":{"line":9,"column":45},"end":{"line":11,"column":null}},"line":9},"1":{"name":"validateSize","decl":{"start":{"line":13,"column":9},"end":{"line":13,"column":22}},"loc":{"start":{"line":13,"column":45},"end":{"line":15,"column":null}},"line":13},"2":{"name":"validateLatitude","decl":{"start":{"line":17,"column":9},"end":{"line":17,"column":26}},"loc":{"start":{"line":17,"column":48},"end":{"line":19,"column":null}},"line":17},"3":{"name":"validateLongitude","decl":{"start":{"line":21,"column":9},"end":{"line":21,"column":27}},"loc":{"start":{"line":21,"column":49},"end":{"line":23,"column":null}},"line":21},"4":{"name":"GET","decl":{"start":{"line":25,"column":22},"end":{"line":25,"column":26}},"loc":{"start":{"line":25,"column":48},"end":{"line":121,"column":null}},"line":25},"5":{"name":"POST","decl":{"start":{"line":123,"column":22},"end":{"line":123,"column":27}},"loc":{"start":{"line":123,"column":49},"end":{"line":241,"column":null}},"line":123},"6":{"name":"PUT","decl":{"start":{"line":243,"column":22},"end":{"line":243,"column":26}},"loc":{"start":{"line":243,"column":48},"end":{"line":381,"column":null}},"line":243},"7":{"name":"DELETE","decl":{"start":{"line":383,"column":22},"end":{"line":383,"column":29}},"loc":{"start":{"line":383,"column":51},"end":{"line":422,"column":null}},"line":383}},"branchMap":{"0":{"loc":{"start":{"line":18,"column":9},"end":{"line":18,"column":null}},"type":"binary-expr","locations":[{"start":{"line":18,"column":9},"end":{"line":18,"column":23}},{"start":{"line":18,"column":23},"end":{"line":18,"column":null}}],"line":18},"1":{"loc":{"start":{"line":22,"column":9},"end":{"line":22,"column":null}},"type":"binary-expr","locations":[{"start":{"line":22,"column":9},"end":{"line":22,"column":24}},{"start":{"line":22,"column":24},"end":{"line":22,"column":null}}],"line":22},"2":{"loc":{"start":{"line":31,"column":4},"end":{"line":52,"column":null}},"type":"if","locations":[{"start":{"line":31,"column":4},"end":{"line":52,"column":null}},{"start":{},"end":{}}],"line":31},"3":{"loc":{"start":{"line":32,"column":6},"end":{"line":37,"column":null}},"type":"if","locations":[{"start":{"line":32,"column":6},"end":{"line":37,"column":null}},{"start":{},"end":{}}],"line":32},"4":{"loc":{"start":{"line":32,"column":10},"end":{"line":32,"column":38}},"type":"binary-expr","locations":[{"start":{"line":32,"column":10},"end":{"line":32,"column":17}},{"start":{"line":32,"column":17},"end":{"line":32,"column":38}}],"line":32},"5":{"loc":{"start":{"line":44,"column":6},"end":{"line":49,"column":null}},"type":"if","locations":[{"start":{"line":44,"column":6},"end":{"line":49,"column":null}},{"start":{},"end":{}}],"line":44},"6":{"loc":{"start":{"line":55,"column":36},"end":{"line":55,"column":69}},"type":"binary-expr","locations":[{"start":{"line":55,"column":36},"end":{"line":55,"column":65}},{"start":{"line":55,"column":65},"end":{"line":55,"column":69}}],"line":55},"7":{"loc":{"start":{"line":56,"column":28},"end":{"line":56,"column":61}},"type":"binary-expr","locations":[{"start":{"line":56,"column":28},"end":{"line":56,"column":58}},{"start":{"line":56,"column":58},"end":{"line":56,"column":61}}],"line":56},"8":{"loc":{"start":{"line":66,"column":4},"end":{"line":73,"column":null}},"type":"if","locations":[{"start":{"line":66,"column":4},"end":{"line":73,"column":null}},{"start":{},"end":{}}],"line":66},"9":{"loc":{"start":{"line":76,"column":4},"end":{"line":84,"column":null}},"type":"if","locations":[{"start":{"line":76,"column":4},"end":{"line":84,"column":null}},{"start":{},"end":{}}],"line":76},"10":{"loc":{"start":{"line":77,"column":6},"end":{"line":82,"column":null}},"type":"if","locations":[{"start":{"line":77,"column":6},"end":{"line":82,"column":null}},{"start":{},"end":{}}],"line":77},"11":{"loc":{"start":{"line":87,"column":4},"end":{"line":95,"column":null}},"type":"if","locations":[{"start":{"line":87,"column":4},"end":{"line":95,"column":null}},{"start":{},"end":{}}],"line":87},"12":{"loc":{"start":{"line":88,"column":6},"end":{"line":93,"column":null}},"type":"if","locations":[{"start":{"line":88,"column":6},"end":{"line":93,"column":null}},{"start":{},"end":{}}],"line":88},"13":{"loc":{"start":{"line":98,"column":4},"end":{"line":106,"column":null}},"type":"if","locations":[{"start":{"line":98,"column":4},"end":{"line":106,"column":null}},{"start":{},"end":{}}],"line":98},"14":{"loc":{"start":{"line":99,"column":6},"end":{"line":104,"column":null}},"type":"if","locations":[{"start":{"line":99,"column":6},"end":{"line":104,"column":null}},{"start":{},"end":{}}],"line":99},"15":{"loc":{"start":{"line":108,"column":4},"end":{"line":110,"column":null}},"type":"if","locations":[{"start":{"line":108,"column":4},"end":{"line":110,"column":null}},{"start":{},"end":{}}],"line":108},"16":{"loc":{"start":{"line":118,"column":42},"end":{"line":118,"column":null}},"type":"cond-expr","locations":[{"start":{"line":118,"column":67},"end":{"line":118,"column":83}},{"start":{"line":118,"column":83},"end":{"line":118,"column":null}}],"line":118},"17":{"loc":{"start":{"line":129,"column":4},"end":{"line":134,"column":null}},"type":"if","locations":[{"start":{"line":129,"column":4},"end":{"line":134,"column":null}},{"start":{},"end":{}}],"line":129},"18":{"loc":{"start":{"line":129,"column":8},"end":{"line":129,"column":65}},"type":"binary-expr","locations":[{"start":{"line":129,"column":8},"end":{"line":129,"column":17}},{"start":{"line":129,"column":17},"end":{"line":129,"column":45}},{"start":{"line":129,"column":45},"end":{"line":129,"column":65}}],"line":129},"19":{"loc":{"start":{"line":136,"column":4},"end":{"line":141,"column":null}},"type":"if","locations":[{"start":{"line":136,"column":4},"end":{"line":141,"column":null}},{"start":{},"end":{}}],"line":136},"20":{"loc":{"start":{"line":136,"column":8},"end":{"line":136,"column":43}},"type":"binary-expr","locations":[{"start":{"line":136,"column":8},"end":{"line":136,"column":17}},{"start":{"line":136,"column":17},"end":{"line":136,"column":43}}],"line":136},"21":{"loc":{"start":{"line":143,"column":4},"end":{"line":148,"column":null}},"type":"if","locations":[{"start":{"line":143,"column":4},"end":{"line":148,"column":null}},{"start":{},"end":{}}],"line":143},"22":{"loc":{"start":{"line":150,"column":4},"end":{"line":155,"column":null}},"type":"if","locations":[{"start":{"line":150,"column":4},"end":{"line":155,"column":null}},{"start":{},"end":{}}],"line":150},"23":{"loc":{"start":{"line":150,"column":8},"end":{"line":150,"column":43}},"type":"binary-expr","locations":[{"start":{"line":150,"column":8},"end":{"line":150,"column":17}},{"start":{"line":150,"column":17},"end":{"line":150,"column":43}}],"line":150},"24":{"loc":{"start":{"line":157,"column":4},"end":{"line":162,"column":null}},"type":"if","locations":[{"start":{"line":157,"column":4},"end":{"line":162,"column":null}},{"start":{},"end":{}}],"line":157},"25":{"loc":{"start":{"line":164,"column":4},"end":{"line":169,"column":null}},"type":"if","locations":[{"start":{"line":164,"column":4},"end":{"line":169,"column":null}},{"start":{},"end":{}}],"line":164},"26":{"loc":{"start":{"line":164,"column":8},"end":{"line":164,"column":74}},"type":"binary-expr","locations":[{"start":{"line":164,"column":8},"end":{"line":164,"column":20}},{"start":{"line":164,"column":20},"end":{"line":164,"column":51}},{"start":{"line":164,"column":51},"end":{"line":164,"column":74}}],"line":164},"27":{"loc":{"start":{"line":171,"column":4},"end":{"line":176,"column":null}},"type":"if","locations":[{"start":{"line":171,"column":4},"end":{"line":176,"column":null}},{"start":{},"end":{}}],"line":171},"28":{"loc":{"start":{"line":171,"column":8},"end":{"line":171,"column":85}},"type":"binary-expr","locations":[{"start":{"line":171,"column":8},"end":{"line":171,"column":34}},{"start":{"line":171,"column":34},"end":{"line":171,"column":55}},{"start":{"line":171,"column":55},"end":{"line":171,"column":85}}],"line":171},"29":{"loc":{"start":{"line":178,"column":4},"end":{"line":183,"column":null}},"type":"if","locations":[{"start":{"line":178,"column":4},"end":{"line":183,"column":null}},{"start":{},"end":{}}],"line":178},"30":{"loc":{"start":{"line":185,"column":4},"end":{"line":190,"column":null}},"type":"if","locations":[{"start":{"line":185,"column":4},"end":{"line":190,"column":null}},{"start":{},"end":{}}],"line":185},"31":{"loc":{"start":{"line":185,"column":8},"end":{"line":185,"column":88}},"type":"binary-expr","locations":[{"start":{"line":185,"column":8},"end":{"line":185,"column":35}},{"start":{"line":185,"column":35},"end":{"line":185,"column":57}},{"start":{"line":185,"column":57},"end":{"line":185,"column":88}}],"line":185},"32":{"loc":{"start":{"line":192,"column":4},"end":{"line":197,"column":null}},"type":"if","locations":[{"start":{"line":192,"column":4},"end":{"line":197,"column":null}},{"start":{},"end":{}}],"line":192},"33":{"loc":{"start":{"line":200,"column":4},"end":{"line":207,"column":null}},"type":"if","locations":[{"start":{"line":200,"column":4},"end":{"line":207,"column":null}},{"start":{},"end":{}}],"line":200},"34":{"loc":{"start":{"line":200,"column":8},"end":{"line":200,"column":61}},"type":"binary-expr","locations":[{"start":{"line":200,"column":8},"end":{"line":200,"column":38}},{"start":{"line":200,"column":38},"end":{"line":200,"column":61}}],"line":200},"35":{"loc":{"start":{"line":201,"column":6},"end":{"line":206,"column":null}},"type":"if","locations":[{"start":{"line":201,"column":6},"end":{"line":206,"column":null}},{"start":{},"end":{}}],"line":201},"36":{"loc":{"start":{"line":201,"column":10},"end":{"line":201,"column":67}},"type":"binary-expr","locations":[{"start":{"line":201,"column":10},"end":{"line":201,"column":46}},{"start":{"line":201,"column":46},"end":{"line":201,"column":67}}],"line":201},"37":{"loc":{"start":{"line":222,"column":4},"end":{"line":224,"column":null}},"type":"if","locations":[{"start":{"line":222,"column":4},"end":{"line":224,"column":null}},{"start":{},"end":{}}],"line":222},"38":{"loc":{"start":{"line":222,"column":8},"end":{"line":222,"column":88}},"type":"binary-expr","locations":[{"start":{"line":222,"column":8},"end":{"line":222,"column":37}},{"start":{"line":222,"column":37},"end":{"line":222,"column":61}},{"start":{"line":222,"column":61},"end":{"line":222,"column":88}}],"line":222},"39":{"loc":{"start":{"line":226,"column":4},"end":{"line":228,"column":null}},"type":"if","locations":[{"start":{"line":226,"column":4},"end":{"line":228,"column":null}},{"start":{},"end":{}}],"line":226},"40":{"loc":{"start":{"line":226,"column":8},"end":{"line":226,"column":61}},"type":"binary-expr","locations":[{"start":{"line":226,"column":8},"end":{"line":226,"column":38}},{"start":{"line":226,"column":38},"end":{"line":226,"column":61}}],"line":226},"41":{"loc":{"start":{"line":238,"column":42},"end":{"line":238,"column":null}},"type":"cond-expr","locations":[{"start":{"line":238,"column":67},"end":{"line":238,"column":83}},{"start":{"line":238,"column":83},"end":{"line":238,"column":null}}],"line":238},"42":{"loc":{"start":{"line":248,"column":4},"end":{"line":253,"column":null}},"type":"if","locations":[{"start":{"line":248,"column":4},"end":{"line":253,"column":null}},{"start":{},"end":{}}],"line":248},"43":{"loc":{"start":{"line":248,"column":8},"end":{"line":248,"column":36}},"type":"binary-expr","locations":[{"start":{"line":248,"column":8},"end":{"line":248,"column":15}},{"start":{"line":248,"column":15},"end":{"line":248,"column":36}}],"line":248},"44":{"loc":{"start":{"line":261,"column":4},"end":{"line":266,"column":null}},"type":"if","locations":[{"start":{"line":261,"column":4},"end":{"line":266,"column":null}},{"start":{},"end":{}}],"line":261},"45":{"loc":{"start":{"line":276,"column":4},"end":{"line":284,"column":null}},"type":"if","locations":[{"start":{"line":276,"column":4},"end":{"line":284,"column":null}},{"start":{},"end":{}}],"line":276},"46":{"loc":{"start":{"line":277,"column":6},"end":{"line":282,"column":null}},"type":"if","locations":[{"start":{"line":277,"column":6},"end":{"line":282,"column":null}},{"start":{},"end":{}}],"line":277},"47":{"loc":{"start":{"line":277,"column":10},"end":{"line":277,"column":58}},"type":"binary-expr","locations":[{"start":{"line":277,"column":10},"end":{"line":277,"column":38}},{"start":{"line":277,"column":38},"end":{"line":277,"column":58}}],"line":277},"48":{"loc":{"start":{"line":287,"column":4},"end":{"line":295,"column":null}},"type":"if","locations":[{"start":{"line":287,"column":4},"end":{"line":295,"column":null}},{"start":{},"end":{}}],"line":287},"49":{"loc":{"start":{"line":288,"column":6},"end":{"line":293,"column":null}},"type":"if","locations":[{"start":{"line":288,"column":6},"end":{"line":293,"column":null}},{"start":{},"end":{}}],"line":288},"50":{"loc":{"start":{"line":298,"column":4},"end":{"line":306,"column":null}},"type":"if","locations":[{"start":{"line":298,"column":4},"end":{"line":306,"column":null}},{"start":{},"end":{}}],"line":298},"51":{"loc":{"start":{"line":299,"column":6},"end":{"line":304,"column":null}},"type":"if","locations":[{"start":{"line":299,"column":6},"end":{"line":304,"column":null}},{"start":{},"end":{}}],"line":299},"52":{"loc":{"start":{"line":309,"column":4},"end":{"line":317,"column":null}},"type":"if","locations":[{"start":{"line":309,"column":4},"end":{"line":317,"column":null}},{"start":{},"end":{}}],"line":309},"53":{"loc":{"start":{"line":310,"column":6},"end":{"line":315,"column":null}},"type":"if","locations":[{"start":{"line":310,"column":6},"end":{"line":315,"column":null}},{"start":{},"end":{}}],"line":310},"54":{"loc":{"start":{"line":310,"column":10},"end":{"line":310,"column":64}},"type":"binary-expr","locations":[{"start":{"line":310,"column":10},"end":{"line":310,"column":41}},{"start":{"line":310,"column":41},"end":{"line":310,"column":64}}],"line":310},"55":{"loc":{"start":{"line":320,"column":4},"end":{"line":334,"column":null}},"type":"if","locations":[{"start":{"line":320,"column":4},"end":{"line":334,"column":null}},{"start":{},"end":{}}],"line":320},"56":{"loc":{"start":{"line":321,"column":6},"end":{"line":326,"column":null}},"type":"if","locations":[{"start":{"line":321,"column":6},"end":{"line":326,"column":null}},{"start":{},"end":{}}],"line":321},"57":{"loc":{"start":{"line":327,"column":6},"end":{"line":332,"column":null}},"type":"if","locations":[{"start":{"line":327,"column":6},"end":{"line":332,"column":null}},{"start":{},"end":{}}],"line":327},"58":{"loc":{"start":{"line":337,"column":4},"end":{"line":351,"column":null}},"type":"if","locations":[{"start":{"line":337,"column":4},"end":{"line":351,"column":null}},{"start":{},"end":{}}],"line":337},"59":{"loc":{"start":{"line":338,"column":6},"end":{"line":343,"column":null}},"type":"if","locations":[{"start":{"line":338,"column":6},"end":{"line":343,"column":null}},{"start":{},"end":{}}],"line":338},"60":{"loc":{"start":{"line":344,"column":6},"end":{"line":349,"column":null}},"type":"if","locations":[{"start":{"line":344,"column":6},"end":{"line":349,"column":null}},{"start":{
[...]
n":8},"end":{"line":248,"column":45}},"type":"binary-expr","locations":[{"start":{"line":248,"column":8},"end":{"line":248,"column":16}},{"start":{"line":248,"column":16},"end":{"line":248,"column":45}}],"line":248},"25":{"loc":{"start":{"line":260,"column":4},"end":{"line":262,"column":null}},"type":"if","locations":[{"start":{"line":260,"column":4},"end":{"line":262,"column":null}},{"start":{},"end":{}}],"line":260},"26":{"loc":{"start":{"line":264,"column":4},"end":{"line":266,"column":null}},"type":"if","locations":[{"start":{"line":264,"column":4},"end":{"line":266,"column":null}},{"start":{},"end":{}}],"line":264},"27":{"loc":{"start":{"line":265,"column":22},"end":{"line":265,"column":null}},"type":"cond-expr","locations":[{"start":{"line":265,"column":30},"end":{"line":265,"column":45}},{"start":{"line":265,"column":45},"end":{"line":265,"column":null}}],"line":265},"28":{"loc":{"start":{"line":268,"column":4},"end":{"line":270,"column":null}},"type":"if","locations":[{"start":{"line":268,"column":4},"end":{"line":270,"column":null}},{"start":{},"end":{}}],"line":268},"29":{"loc":{"start":{"line":272,"column":4},"end":{"line":280,"column":null}},"type":"if","locations":[{"start":{"line":272,"column":4},"end":{"line":280,"column":null}},{"start":{},"end":{}}],"line":272},"30":{"loc":{"start":{"line":273,"column":6},"end":{"line":278,"column":null}},"type":"if","locations":[{"start":{"line":273,"column":6},"end":{"line":278,"column":null}},{"start":{},"end":{}}],"line":273},"31":{"loc":{"start":{"line":283,"column":4},"end":{"line":291,"column":null}},"type":"if","locations":[{"start":{"line":283,"column":4},"end":{"line":291,"column":null}},{"start":{},"end":{}}],"line":283},"32":{"loc":{"start":{"line":284,"column":6},"end":{"line":289,"column":null}},"type":"if","locations":[{"start":{"line":284,"column":6},"end":{"line":289,"column":null}},{"start":{},"end":{}}],"line":284},"33":{"loc":{"start":{"line":315,"column":4},"end":{"line":320,"column":null}},"type":"if","locations":[{"start":{"line":315,"column":4},"end":{"line":320,"column":null}},{"start":{},"end":{}}],"line":315},"34":{"loc":{"start":{"line":315,"column":8},"end":{"line":315,"column":36}},"type":"binary-expr","locations":[{"start":{"line":315,"column":8},"end":{"line":315,"column":15}},{"start":{"line":315,"column":15},"end":{"line":315,"column":36}}],"line":315},"35":{"loc":{"start":{"line":329,"column":4},"end":{"line":334,"column":null}},"type":"if","locations":[{"start":{"line":329,"column":4},"end":{"line":334,"column":null}},{"start":{},"end":{}}],"line":329}},"s":{"0":2,"1":2,"2":5,"3":5,"4":7,"5":7,"6":5,"7":5,"8":5,"9":5,"10":4,"11":1,"12":3,"13":2,"14":1,"15":1,"16":1,"17":5,"18":5,"19":5,"20":5,"21":5,"22":0,"23":1,"24":0,"25":0,"26":0,"27":0,"28":0,"29":1,"30":1,"31":2,"32":1,"33":1,"34":1,"35":6,"36":6,"37":6,"38":6,"39":1,"40":5,"41":0,"42":5,"43":0,"44":5,"45":0,"46":5,"47":1,"48":4,"49":0,"50":4,"51":0,"52":4,"53":4,"54":1,"55":3,"56":3,"57":3,"58":2,"59":1,"60":1,"61":4,"62":4,"63":4,"64":4,"65":1,"66":3,"67":3,"68":3,"69":0,"70":3,"71":3,"72":1,"73":2,"74":0,"75":2,"76":2,"77":2,"78":2,"79":0,"80":2,"81":0,"82":2,"83":0,"84":0,"85":0,"86":2,"87":0,"88":0,"89":0,"90":2,"91":1,"92":1,"93":1,"94":4,"95":4,"96":4,"97":4,"98":1,"99":3,"100":3,"101":1,"102":2,"103":1,"104":1,"105":1},"f":{"0":5,"1":7,"2":5,"3":2,"4":6,"5":4,"6":4},"b":{"0":[4,1],"1":[1,3],"2":[4,4],"3":[1,1],"4":[1,0],"5":[5,0],"6":[0,5],"7":[0,1],"8":[0,0],"9":[0,0],"10":[1,5],"11":[0,5],"12":[0,5],"13":[0,5],"14":[1,4],"15":[0,4],"16":[0,4],"17":[1,3],"18":[0,3],"19":[1,3],"20":[4,4],"21":[0,3],"22":[1,2],"23":[0,2],"24":[2,0],"25":[2,0],"26":[0,2],"27":[0,0],"28":[0,2],"29":[0,2],"30":[0,0],"31":[0,2],"32":[0,0],"33":[1,3],"34":[4,4],"35":[1,2]},"meta":{"lastBranch":36,"lastFunction":7,"lastStatement":106,"seen":{"s:7:20:7:Infinity":0,"s:8:20:8:Infinity":1,"f:11:9:11:22":0,"s:12:21:12:Infinity":2,"s:13:2:13:Infinity":3,"f:17:9:17:25":1,"s:18:47:18:Infinity":4,"s:19:2:19:Infinity":5,"f:22:22:22:26":2,"s:23:2:106:Infinity":6,"s:24:25:24:Infinity":7,"s:25:15:25:Infinity":8,"b:28:4:50:Infinity:undefined:undefined:undefined:undefined":0,"s:28:4:50:Infinity":9,"b:29:6:34:Infinity:undefined:undefined:undefined:undefined":1,"s:29:6:34:Infinity":10,"b:29:10:29:17:29:17:29:38":2,"s:30:8:33:Infinity":11,"s:36:19:40:Infinity":12,"b:42:6:47:Infinity:undefined:undefined:undefined:undefined":3,"s:42:6:47:Infinity":13,"s:43:8:46:Infinity":14,"s:49:6:49:Infinity":15,"s:53:18:53:Infinity":16,"b:53:36:53:65:53:65:53:69":4,"s:54:19:54:Infinity":17,"b:54:28:54:58:54:58:54:61":5,"s:55:19:55:Infinity":18,"s:56:17:56:Infinity":19,"s:58:16:58:Infinity":20,"b:61:4:68:Infinity:undefined:undefined:undefined:undefined":6,"s:61:4:68:Infinity":21,"s:62:6:67:Infinity":22,"b:71:4:92:Infinity:undefined:undefined:undefined:undefined":7,"s:71:4:92:Infinity":23,"b:72:6:77:Infinity:undefined:undefined:undefined:undefined":8,"s:72:6:77:Infinity":24,"s:73:8:76:Infinity":25,"b:79:6:91:Infinity:89:13:91:Infinity":9,"s:79:6:91:Infinity":26,"s:80:8:88:Infinity":27,"s:90:8:90:Infinity":28,"s:94:20:94:Infinity":29,"s:97:29:97:Infinity":30,"f:97:41:97:49":3,"s:97:49:97:70":31,"s:99:4:99:Infinity":32,"s:101:4:101:Infinity":33,"s:102:4:105:Infinity":34,"f:109:22:109:27":4,"s:110:2:207:Infinity":35,"s:111:17:111:Infinity":36,"s:112:51:112:Infinity":37,"b:115:4:120:Infinity:undefined:undefined:undefined:undefined":10,"s:115:4:120:Infinity":38,"s:116:6:119:Infinity":39,"b:122:4:127:Infinity:undefined:undefined:undefined:undefined":11,"s:122:4:127:Infinity":40,"s:123:6:126:Infinity":41,"b:129:4:134:Infinity:undefined:undefined:undefined:undefined":12,"s:129:4:134:Infinity":42,"s:130:6:133:Infinity":43,"b:136:4:141:Infinity:undefined:undefined:undefined:undefined":13,"s:136:4:141:Infinity":44,"s:137:6:140:Infinity":45,"b:144:4:149:Infinity:undefined:undefined:undefined:undefined":14,"s:144:4:149:Infinity":46,"s:145:6:148:Infinity":47,"b:152:4:157:Infinity:undefined:undefined:undefined:undefined":15,"s:152:4:157:Infinity":48,"s:153:6:156:Infinity":49,"b:160:4:165:Infinity:undefined:undefined:undefined:undefined":16,"s:160:4:165:Infinity":50,"s:161:6:164:Infinity":51,"s:168:25:172:Infinity":52,"b:174:4:179:Infinity:undefined:undefined:undefined:undefined":17,"s:174:4:179:Infinity":53,"s:175:6:178:Infinity":54,"s:182:27:182:Infinity":55,"s:185:10:185:Infinity":56,"s:186:20:198:Infinity":57,"b:192:23:192:38:192:38:192:Infinity":18,"s:200:4:200:Infinity":58,"s:202:4:202:Infinity":59,"s:203:4:206:Infinity":60,"f:210:22:210:26":5,"s:211:2:307:Infinity":61,"s:212:25:212:Infinity":62,"s:213:15:213:Infinity":63,"b:215:4:220:Infinity:undefined:undefined:undefined:undefined":19,"s:215:4:220:Infinity":64,"b:215:8:215:15:215:15:215:36":20,"s:216:6:219:Infinity":65,"s:222:17:222:Infinity":66,"s:223:55:223:Infinity":67,"b:226:4:231:Infinity:undefined:undefined:undefined:undefined":21,"s:226:4:231:Infinity":68,"s:227:6:230:Infinity":69,"s:234:25:238:Infinity":70,"b:240:4:245:Infinity:undefined:undefined:undefined:undefined":22,"s:240:4:245:Infinity":71,"s:241:6:244:Infinity":72,"b:248:4:253:Infinity:undefined:undefined:undefined:undefined":23,"s:248:4:253:Infinity":73,"b:248:8:248:16:248:16:248:45":24,"s:249:6:252:Infinity":74,"s:256:25:258:Infinity":75,"b:260:4:262:Infinity:undefined:undefined:undefined:undefined":25,"s:260:4:262:Infinity":76,"s:261:6:261:Infinity":77,"b:264:4:266:Infinity:undefined:undefined:undefined:undefined":26,"s:264:4:266:Infinity":78,"s:265:6:265:Infinity":79,"b:265:30:265:45:265:45:265:Infinity":27,"b:268:4:270:Infinity:undefined:undefined:undefined:undefined":28,"s:268:4:270:Infinity":80,"s:269:6:269:Infinity":81,"b:272:4:280:Infinity:undefined:undefined:undefined:undefined":29,"s:272:4:280:Infinity":82,"b:273:6:278:Infinity:undefined:undefined:undefined:undefined":30,"s:273:6:278:Infinity":83,"s:274:8:277:Infinity":84,"s:279:6:279:Infinity":85,"b:283:4:291:Infinity:undefined:undefined:undefined:undefined":31,"s:283:4:291:Infinity":86,"b:284:6:289:Infinity:undefined:undefined:undefined:undefined":32,"s:284:6:289:Infinity":87,"s:285:8:288:Infinity":88,"s:290:6:290:Infinity":89,"s:294:24:298:Infinity":90,"s:300:4:300:Infinity":91,"s:302:4:302:Infinity":92,"s:303:4:306:Infinity":93,"f:310:22:310:29":6,"s:311:2:355:Infinity":94,"s:312:25:312:Infinity":95,"s:313:15:313:Infinity":96,"b:315:4:320:Infinity:undefined:undefined:undefined:undefined":33,"s:315:4:320:Infinity":97,"b:315:8:315:15:315:15:315:36":34,"s:316:6:319:Infinity":98,"s:323:25:327:Infinity":99,"b:329:4:334:Infinity:undefined:undefined:undefined:undefined":35,"s:329:4:334:Infinity":100,"s:330:6:333:Infinity":101,"s:337:20:340:Infinity":102,"s:342:4:348:Infinity":103,"s:350:4:350:Infinity":104,"s:351:4:354:Infinity":105}}}
,"C:\\Users\\kirth\\OneDrive\\Documents\\GitHub\\helping-hands-system\\src\\db\\schema.ts": {"path":"C:\\Users\\kirth\\OneDrive\\Documents\\GitHub\\helping-hands-system\\src\\db\\schema.ts","statementMap":{"0":{"start":{"line":4,"column":13},"end":{"line":14,"column":null}},"1":{"start":{"line":17,"column":13},"end":{"line":29,"column":null}},"2":{"start":{"line":26,"column":59},"end":{"line":26,"column":67}},"3":{"start":{"line":32,"column":13},"end":{"line":40,"column":null}},"4":{"start":{"line":34,"column":56},"end":{"line":34,"column":64}},"5":{"start":{"line":43,"column":13},"end":{"line":56,"column":null}},"6":{"start":{"line":45,"column":56},"end":{"line":45,"column":64}},"7":{"start":{"line":46,"column":56},"end":{"line":46,"column":64}},"8":{"start":{"line":47,"column":62},"end":{"line":47,"column":73}},"9":{"start":{"line":59,"column":13},"end":{"line":65,"column":null}},"10":{"start":{"line":61,"column":56},"end":{"line":61,"column":64}},"11":{"start":{"line":62,"column":62},"end":{"line":62,"column":73}},"12":{"start":{"line":68,"column":13},"end":{"line":74,"column":null}},"13":{"start":{"line":71,"column":56},"end":{"line":71,"column":64}}},"fnMap":{"0":{"name":"(anonymous_0)","decl":{"start":{"line":26,"column":53},"end":{"line":26,"column":59}},"loc":{"start":{"line":26,"column":59},"end":{"line":26,"column":67}},"line":26},"1":{"name":"(anonymous_1)","decl":{"start":{"line":34,"column":50},"end":{"line":34,"column":56}},"loc":{"start":{"line":34,"column":56},"end":{"line":34,"column":64}},"line":34},"2":{"name":"(anonymous_2)","decl":{"start":{"line":45,"column":50},"end":{"line":45,"column":56}},"loc":{"start":{"line":45,"column":56},"end":{"line":45,"column":64}},"line":45},"3":{"name":"(anonymous_3)","decl":{"start":{"line":46,"column":50},"end":{"line":46,"column":56}},"loc":{"start":{"line":46,"column":56},"end":{"line":46,"column":64}},"line":46},"4":{"name":"(anonymous_4)","decl":{"start":{"line":47,"column":56},"end":{"line":47,"column":62}},"loc":{"start":{"line":47,"column":62},"end":{"line":47,"column":73}},"line":47},"5":{"name":"(anonymous_5)","decl":{"start":{"line":61,"column":50},"end":{"line":61,"column":56}},"loc":{"start":{"line":61,"column":56},"end":{"line":61,"column":64}},"line":61},"6":{"name":"(anonymous_6)","decl":{"start":{"line":62,"column":56},"end":{"line":62,"column":62}},"loc":{"start":{"line":62,"column":62},"end":{"line":62,"column":73}},"line":62},"7":{"name":"(anonymous_7)","decl":{"start":{"line":71,"column":50},"end":{"line":71,"column":56}},"loc":{"start":{"line":71,"column":56},"end":{"line":71,"column":64}},"line":71}},"branchMap":{},"s":{"0":1,"1":1,"2":0,"3":1,"4":0,"5":1,"6":0,"7":0,"8":0,"9":1,"10":0,"11":0,"12":1,"13":0},"f":{"0":0,"1":0,"2":0,"3":0,"4":0,"5":0,"6":0,"7":0},"b":{},"meta":{"lastBranch":0,"lastFunction":8,"lastStatement":14,"seen":{"s:4:13:14:Infinity":0,"s:17:13:29:Infinity":1,"f:26:53:26:59":0,"s:26:59:26:67":2,"s:32:13:40:Infinity":3,"f:34:50:34:56":1,"s:34:56:34:64":4,"s:43:13:56:Infinity":5,"f:45:50:45:56":2,"s:45:56:45:64":6,"f:46:50:46:56":3,"s:46:56:46:64":7,"f:47:56:47:62":4,"s:47:62:47:73":8,"s:59:13:65:Infinity":9,"f:61:50:61:56":5,"s:61:56:61:64":10,"f:62:56:62:62":6,"s:62:62:62:73":11,"s:68:13:74:Infinity":12,"f:71:50:71:56":7,"s:71:56:71:64":13}}}
,"C:\\Users\\kirth\\OneDrive\\Documents\\GitHub\\helping-hands-system\\src\\lib\\auth.ts": {"path":"C:\\Users\\kirth\\OneDrive\\Documents\\GitHub\\helping-hands-system\\src\\lib\\auth.ts","statementMap":{"0":{"start":{"line":17,"column":25},"end":{"line":17,"column":null}},"1":{"start":{"line":20,"column":23},"end":{"line":20,"column":null}},"2":{"start":{"line":21,"column":20},"end":{"line":21,"column":null}},"3":{"start":{"line":22,"column":8},"end":{"line":22,"column":null}},"4":{"start":{"line":25,"column":2},"end":{"line":30,"column":null}},"5":{"start":{"line":32,"column":2},"end":{"line":32,"column":null}},"6":{"start":{"line":36,"column":2},"end":{"line":38,"column":null}},"7":{"start":{"line":37,"column":4},"end":{"line":37,"column":null}},"8":{"start":{"line":40,"column":18},"end":{"line":44,"column":null}},"9":{"start":{"line":46,"column":2},"end":{"line":48,"column":null}},"10":{"start":{"line":47,"column":4},"end":{"line":47,"column":null}},"11":{"start":{"line":50,"column":22},"end":{"line":50,"column":null}},"12":{"start":{"line":53,"column":2},"end":{"line":56,"column":null}},"13":{"start":{"line":54,"column":4},"end":{"line":54,"column":null}},"14":{"start":{"line":55,"column":4},"end":{"line":55,"column":null}},"15":{"start":{"line":58,"column":2},"end":{"line":58,"column":null}},"16":{"start":{"line":62,"column":2},"end":{"line":64,"column":null}},"17":{"start":{"line":63,"column":4},"end":{"line":63,"column":null}},"18":{"start":{"line":68,"column":18},"end":{"line":68,"column":null}},"19":{"start":{"line":70,"column":2},"end":{"line":72,"column":null}},"20":{"start":{"line":71,"column":4},"end":{"line":71,"column":null}},"21":{"start":{"line":74,"column":15},"end":{"line":85,"column":null}},"22":{"start":{"line":87,"column":2},"end":{"line":90,"column":null}},"23":{"start":{"line":88,"column":4},"end":{"line":88,"column":null}},"24":{"start":{"line":89,"column":4},"end":{"line":89,"column":null}},"25":{"start":{"line":92,"column":2},"end":{"line":92,"column":null}},"26":{"start":{"line":99,"column":15},"end":{"line":103,"column":null}},"27":{"start":{"line":105,"column":2},"end":{"line":107,"column":null}},"28":{"start":{"line":106,"column":4},"end":{"line":106,"column":null}},"29":{"start":{"line":109,"column":18},"end":{"line":109,"column":null}},"30":{"start":{"line":111,"column":2},"end":{"line":113,"column":null}},"31":{"start":{"line":112,"column":4},"end":{"line":112,"column":null}},"32":{"start":{"line":115,"column":50},"end":{"line":115,"column":null}},"33":{"start":{"line":116,"column":2},"end":{"line":116,"column":null}},"34":{"start":{"line":120,"column":2},"end":{"line":120,"column":null}}},"fnMap":{"0":{"name":"createSession","decl":{"start":{"line":19,"column":22},"end":{"line":19,"column":36}},"loc":{"start":{"line":19,"column":69},"end":{"line":33,"column":null}},"line":19},"1":{"name":"getSessionFromToken","decl":{"start":{"line":35,"column":22},"end":{"line":35,"column":42}},"loc":{"start":{"line":35,"column":93},"end":{"line":59,"column":null}},"line":35},"2":{"name":"destroySession","decl":{"start":{"line":61,"column":22},"end":{"line":61,"column":37}},"loc":{"start":{"line":61,"column":67},"end":{"line":65,"column":null}},"line":61},"3":{"name":"getUserFromToken","decl":{"start":{"line":67,"column":22},"end":{"line":67,"column":39}},"loc":{"start":{"line":67,"column":80},"end":{"line":93,"column":null}},"line":67},"4":{"name":"verifyCredentials","decl":{"start":{"line":95,"column":22},"end":{"line":95,"column":null}},"loc":{"start":{"line":98,"column":28},"end":{"line":117,"column":null}},"line":98},"5":{"name":"requireRole","decl":{"start":{"line":119,"column":16},"end":{"line":119,"column":28}},"loc":{"start":{"line":119,"column":83},"end":{"line":121,"column":null}},"line":119}},"branchMap":{"0":{"loc":{"start":{"line":36,"column":2},"end":{"line":38,"column":null}},"type":"if","locations":[{"start":{"line":36,"column":2},"end":{"line":38,"column":null}},{"start":{},"end":{}}],"line":36},"1":{"loc":{"start":{"line":46,"column":2},"end":{"line":48,"column":null}},"type":"if","locations":[{"start":{"line":46,"column":2},"end":{"line":48,"column":null}},{"start":{},"end":{}}],"line":46},"2":{"loc":{"start":{"line":53,"column":2},"end":{"line":56,"column":null}},"type":"if","locations":[{"start":{"line":53,"column":2},"end":{"line":56,"column":null}},{"start":{},"end":{}}],"line":53},"3":{"loc":{"start":{"line":62,"column":2},"end":{"line":64,"column":null}},"type":"if","locations":[{"start":{"line":62,"column":2},"end":{"line":64,"column":null}},{"start":{},"end":{}}],"line":62},"4":{"loc":{"start":{"line":70,"column":2},"end":{"line":72,"column":null}},"type":"if","locations":[{"start":{"line":70,"column":2},"end":{"line":72,"column":null}},{"start":{},"end":{}}],"line":70},"5":{"loc":{"start":{"line":87,"column":2},"end":{"line":90,"column":null}},"type":"if","locations":[{"start":{"line":87,"column":2},"end":{"line":90,"column":null}},{"start":{},"end":{}}],"line":87},"6":{"loc":{"start":{"line":105,"column":2},"end":{"line":107,"column":null}},"type":"if","locations":[{"start":{"line":105,"column":2},"end":{"line":107,"column":null}},{"start":{},"end":{}}],"line":105},"7":{"loc":{"start":{"line":111,"column":2},"end":{"line":113,"column":null}},"type":"if","locations":[{"start":{"line":111,"column":2},"end":{"line":113,"column":null}},{"start":{},"end":{}}],"line":111}},"s":{"0":2,"1":1,"2":1,"3":1,"4":1,"5":1,"6":6,"7":1,"8":5,"9":5,"10":2,"11":3,"12":3,"13":1,"14":1,"15":2,"16":2,"17":2,"18":2,"19":2,"20":1,"21":1,"22":1,"23":0,"24":0,"25":1,"26":3,"27":3,"28":1,"29":2,"30":2,"31":1,"32":1,"33":1,"34":4},"f":{"0":1,"1":6,"2":2,"3":2,"4":3,"5":4},"b":{"0":[1,5],"1":[2,3],"2":[1,2],"3":[2,0],"4":[1,1],"5":[0,1],"6":[1,2],"7":[1,1]},"meta":{"lastBranch":8,"lastFunction":6,"lastStatement":35,"seen":{"s:17:25:17:Infinity":0,"f:19:22:19:36":0,"s:20:23:20:Infinity":1,"s:21:20:21:Infinity":2,"s:22:8:22:Infinity":3,"s:25:2:30:Infinity":4,"s:32:2:32:Infinity":5,"f:35:22:35:42":1,"b:36:2:38:Infinity:undefined:undefined:undefined:undefined":0,"s:36:2:38:Infinity":6,"s:37:4:37:Infinity":7,"s:40:18:44:Infinity":8,"b:46:2:48:Infinity:undefined:undefined:undefined:undefined":1,"s:46:2:48:Infinity":9,"s:47:4:47:Infinity":10,"s:50:22:50:Infinity":11,"b:53:2:56:Infinity:undefined:undefined:undefined:undefined":2,"s:53:2:56:Infinity":12,"s:54:4:54:Infinity":13,"s:55:4:55:Infinity":14,"s:58:2:58:Infinity":15,"f:61:22:61:37":2,"b:62:2:64:Infinity:undefined:undefined:undefined:undefined":3,"s:62:2:64:Infinity":16,"s:63:4:63:Infinity":17,"f:67:22:67:39":3,"s:68:18:68:Infinity":18,"b:70:2:72:Infinity:undefined:undefined:undefined:undefined":4,"s:70:2:72:Infinity":19,"s:71:4:71:Infinity":20,"s:74:15:85:Infinity":21,"b:87:2:90:Infinity:undefined:undefined:undefined:undefined":5,"s:87:2:90:Infinity":22,"s:88:4:88:Infinity":23,"s:89:4:89:Infinity":24,"s:92:2:92:Infinity":25,"f:95:22:95:Infinity":4,"s:99:15:103:Infinity":26,"b:105:2:107:Infinity:undefined:undefined:undefined:undefined":6,"s:105:2:107:Infinity":27,"s:106:4:106:Infinity":28,"s:109:18:109:Infinity":29,"b:111:2:113:Infinity:undefined:undefined:undefined:undefined":7,"s:111:2:113:Infinity":30,"s:112:4:112:Infinity":31,"s:115:50:115:Infinity":32,"s:116:2:116:Infinity":33,"f:119:16:119:28":5,"s:120:2:120:Infinity":34}}}
,"C:\\Users\\kirth\\OneDrive\\Documents\\GitHub\\helping-hands-system\\src\\lib\\utils.ts": {"path":"C:\\Users\\kirth\\OneDrive\\Documents\\GitHub\\helping-hands-system\\src\\lib\\utils.ts","statementMap":{"0":{"start":{"line":5,"column":2},"end":{"line":5,"column":null}}},"fnMap":{"0":{"name":"cn","decl":{"start":{"line":4,"column":16},"end":{"line":4,"column":22}},"loc":{"start":{"line":4,"column":44},"end":{"line":6,"column":null}},"line":4}},"branchMap":{},"s":{"0":7},"f":{"0":7},"b":{},"meta":{"lastBranch":0,"lastFunction":1,"lastStatement":1,"seen":{"f:4:16:4:22":0,"s:5:2:5:Infinity":0}}}
}
